{"meta": {"format": 3, "version": "7.10.7", "timestamp": "2025-10-06T04:52:20.483984", "branch_coverage": false, "show_contexts": false}, "files": {"apps\\analytics\\models.py": {"executed_lines": [1, 5, 6, 7, 8, 9, 11, 12, 15, 16, 19, 22, 23, 35, 36, 37, 38, 39, 40, 43, 47, 51, 57, 58, 61, 62, 64, 65, 66, 67, 72, 75, 76, 203, 204, 207, 221, 222, 223, 224, 227, 228, 231, 232, 235, 237, 239, 240, 241, 247, 250, 251, 263, 264, 267, 270, 271, 274, 275, 276, 277, 280, 281, 284, 290, 291, 293, 294, 296, 297, 298, 299, 304, 311, 312, 315, 318, 321, 322, 325, 326, 327, 330, 331, 334, 335, 336, 339, 340, 342, 343, 344, 348, 351, 352], "summary": {"covered_lines": 86, "num_statements": 125, "percent_covered": 68.8, "percent_covered_display": "68.80", "missing_lines": 39, "excluded_lines": 11}, "missing_lines": [80, 81, 84, 85, 86, 87, 88, 89, 90, 91, 92, 93, 95, 97, 98, 101, 103, 107, 112, 117, 121, 126, 130, 137, 144, 151, 160, 168, 169, 170, 174, 176, 177, 178, 179, 182, 200, 255, 356], "excluded_lines": [72, 73, 247, 248, 304, 305, 306, 307, 308, 348, 349], "functions": {"DashboardMetrics.__str__": {"executed_lines": [], "summary": {"covered_lines": 0, "num_statements": 0, "percent_covered": 100.0, "percent_covered_display": "100.00", "missing_lines": 0, "excluded_lines": 1}, "missing_lines": [], "excluded_lines": [73]}, "DashboardMetrics.calculate_for_date": {"executed_lines": [], "summary": {"covered_lines": 0, "num_statements": 37, "percent_covered": 0.0, "percent_covered_display": "0.00", "missing_lines": 37, "excluded_lines": 0}, "missing_lines": [80, 81, 84, 85, 86, 87, 88, 89, 90, 91, 92, 93, 95, 97, 98, 101, 103, 107, 112, 117, 121, 126, 130, 137, 144, 151, 160, 168, 169, 170, 174, 176, 177, 178, 179, 182, 200], "excluded_lines": []}, "UserActivity.__str__": {"executed_lines": [], "summary": {"covered_lines": 0, "num_statements": 0, "percent_covered": 100.0, "percent_covered_display": "100.00", "missing_lines": 0, "excluded_lines": 1}, "missing_lines": [], "excluded_lines": [248]}, "UserActivity.log_activity": {"executed_lines": [], "summary": {"covered_lines": 0, "num_statements": 1, "percent_covered": 0.0, "percent_covered_display": "0.00", "missing_lines": 1, "excluded_lines": 0}, "missing_lines": [255], "excluded_lines": []}, "ReportUsageStats.__str__": {"executed_lines": [], "summary": {"covered_lines": 0, "num_statements": 0, "percent_covered": 100.0, "percent_covered_display": "100.00", "missing_lines": 0, "excluded_lines": 4}, "missing_lines": [], "excluded_lines": [305, 306, 307, 308]}, "SystemHealthMetrics.__str__": {"executed_lines": [], "summary": {"covered_lines": 0, "num_statements": 0, "percent_covered": 100.0, "percent_covered_display": "100.00", "missing_lines": 0, "excluded_lines": 1}, "missing_lines": [], "excluded_lines": [349]}, "SystemHealthMetrics.is_healthy": {"executed_lines": [], "summary": {"covered_lines": 0, "num_statements": 1, "percent_covered": 0.0, "percent_covered_display": "0.00", "missing_lines": 1, "excluded_lines": 0}, "missing_lines": [356], "excluded_lines": []}, "": {"executed_lines": [1, 5, 6, 7, 8, 9, 11, 12, 15, 16, 19, 22, 23, 35, 36, 37, 38, 39, 40, 43, 47, 51, 57, 58, 61, 62, 64, 65, 66, 67, 72, 75, 76, 203, 204, 207, 221, 222, 223, 224, 227, 228, 231, 232, 235, 237, 239, 240, 241, 247, 250, 251, 263, 264, 267, 270, 271, 274, 275, 276, 277, 280, 281, 284, 290, 291, 293, 294, 296, 297, 298, 299, 304, 311, 312, 315, 318, 321, 322, 325, 326, 327, 330, 331, 334, 335, 336, 339, 340, 342, 343, 344, 348, 351, 352], "summary": {"covered_lines": 86, "num_statements": 86, "percent_covered": 100.0, "percent_covered_display": "100.00", "missing_lines": 0, "excluded_lines": 4}, "missing_lines": [], "excluded_lines": [72, 247, 304, 348]}}, "classes": {"DashboardMetrics": {"executed_lines": [], "summary": {"covered_lines": 0, "num_statements": 37, "percent_covered": 0.0, "percent_covered_display": "0.00", "missing_lines": 37, "excluded_lines": 1}, "missing_lines": [80, 81, 84, 85, 86, 87, 88, 89, 90, 91, 92, 93, 95, 97, 98, 101, 103, 107, 112, 117, 121, 126, 130, 137, 144, 151, 160, 168, 169, 170, 174, 176, 177, 178, 179, 182, 200], "excluded_lines": [73]}, "DashboardMetrics.Meta": {"executed_lines": [], "summary": {"covered_lines": 0, "num_statements": 0, "percent_covered": 100.0, "percent_covered_display": "100.00", "missing_lines": 0, "excluded_lines": 0}, "missing_lines": [], "excluded_lines": []}, "UserActivity": {"executed_lines": [], "summary": {"covered_lines": 0, "num_statements": 1, "percent_covered": 0.0, "percent_covered_display": "0.00", "missing_lines": 1, "excluded_lines": 1}, "missing_lines": [255], "excluded_lines": [248]}, "UserActivity.Meta": {"executed_lines": [], "summary": {"covered_lines": 0, "num_statements": 0, "percent_covered": 100.0, "percent_covered_display": "100.00", "missing_lines": 0, "excluded_lines": 0}, "missing_lines": [], "excluded_lines": []}, "ReportUsageStats": {"executed_lines": [], "summary": {"covered_lines": 0, "num_statements": 0, "percent_covered": 100.0, "percent_covered_display": "100.00", "missing_lines": 0, "excluded_lines": 4}, "missing_lines": [], "excluded_lines": [305, 306, 307, 308]}, "ReportUsageStats.Meta": {"executed_lines": [], "summary": {"covered_lines": 0, "num_statements": 0, "percent_covered": 100.0, "percent_covered_display": "100.00", "missing_lines": 0, "excluded_lines": 0}, "missing_lines": [], "excluded_lines": []}, "SystemHealthMetrics": {"executed_lines": [], "summary": {"covered_lines": 0, "num_statements": 1, "percent_covered": 0.0, "percent_covered_display": "0.00", "missing_lines": 1, "excluded_lines": 1}, "missing_lines": [356], "excluded_lines": [349]}, "SystemHealthMetrics.Meta": {"executed_lines": [], "summary": {"covered_lines": 0, "num_statements": 0, "percent_covered": 100.0, "percent_covered_display": "100.00", "missing_lines": 0, "excluded_lines": 0}, "missing_lines": [], "excluded_lines": []}, "": {"executed_lines": [1, 5, 6, 7, 8, 9, 11, 12, 15, 16, 19, 22, 23, 35, 36, 37, 38, 39, 40, 43, 47, 51, 57, 58, 61, 62, 64, 65, 66, 67, 72, 75, 76, 203, 204, 207, 221, 222, 223, 224, 227, 228, 231, 232, 235, 237, 239, 240, 241, 247, 250, 251, 263, 264, 267, 270, 271, 274, 275, 276, 277, 280, 281, 284, 290, 291, 293, 294, 296, 297, 298, 299, 304, 311, 312, 315, 318, 321, 322, 325, 326, 327, 330, 331, 334, 335, 336, 339, 340, 342, 343, 344, 348, 351, 352], "summary": {"covered_lines": 86, "num_statements": 86, "percent_covered": 100.0, "percent_covered_display": "100.00", "missing_lines": 0, "excluded_lines": 4}, "missing_lines": [], "excluded_lines": [72, 247, 304, 348]}}}, "apps\\analytics\\serializers.py": {"executed_lines": [1, 5, 8, 9, 10, 11, 12, 15, 16, 17, 18, 19, 22, 23, 24, 25, 28, 29, 30, 31, 32, 33, 36, 37, 38, 39, 42, 43, 44, 45, 46, 47, 50, 51, 52, 53, 54, 55, 56, 59, 60, 61, 62, 63, 64, 65, 66, 67, 68, 69, 72, 73, 74, 75, 76, 77, 80, 81, 82, 83, 84, 87, 88, 89, 90, 93, 94, 95, 96, 99, 100, 101, 102, 103, 104, 105, 106, 107, 108], "summary": {"covered_lines": 65, "num_statements": 65, "percent_covered": 100.0, "percent_covered_display": "100.00", "missing_lines": 0, "excluded_lines": 0}, "missing_lines": [], "excluded_lines": [], "functions": {"": {"executed_lines": [1, 5, 8, 9, 10, 11, 12, 15, 16, 17, 18, 19, 22, 23, 24, 25, 28, 29, 30, 31, 32, 33, 36, 37, 38, 39, 42, 43, 44, 45, 46, 47, 50, 51, 52, 53, 54, 55, 56, 59, 60, 61, 62, 63, 64, 65, 66, 67, 68, 69, 72, 73, 74, 75, 76, 77, 80, 81, 82, 83, 84, 87, 88, 89, 90, 93, 94, 95, 96, 99, 100, 101, 102, 103, 104, 105, 106, 107, 108], "summary": {"covered_lines": 65, "num_statements": 65, "percent_covered": 100.0, "percent_covered_display": "100.00", "missing_lines": 0, "excluded_lines": 0}, "missing_lines": [], "excluded_lines": []}}, "classes": {"TrendDataSerializer": {"executed_lines": [], "summary": {"covered_lines": 0, "num_statements": 0, "percent_covered": 100.0, "percent_covered_display": "100.00", "missing_lines": 0, "excluded_lines": 0}, "missing_lines": [], "excluded_lines": []}, "TrendSummarySerializer": {"executed_lines": [], "summary": {"covered_lines": 0, "num_statements": 0, "percent_covered": 100.0, "percent_covered_display": "100.00", "missing_lines": 0, "excluded_lines": 0}, "missing_lines": [], "excluded_lines": []}, "TrendResponseSerializer": {"executed_lines": [], "summary": {"covered_lines": 0, "num_statements": 0, "percent_covered": 100.0, "percent_covered_display": "100.00", "missing_lines": 0, "excluded_lines": 0}, "missing_lines": [], "excluded_lines": []}, "CategoryDataSerializer": {"executed_lines": [], "summary": {"covered_lines": 0, "num_statements": 0, "percent_covered": 100.0, "percent_covered_display": "100.00", "missing_lines": 0, "excluded_lines": 0}, "missing_lines": [], "excluded_lines": []}, "CategoryDistributionSerializer": {"executed_lines": [], "summary": {"covered_lines": 0, "num_statements": 0, "percent_covered": 100.0, "percent_covered_display": "100.00", "missing_lines": 0, "excluded_lines": 0}, "missing_lines": [], "excluded_lines": []}, "MetricTrendsSerializer": {"executed_lines": [], "summary": {"covered_lines": 0, "num_statements": 0, "percent_covered": 100.0, "percent_covered_display": "100.00", "missing_lines": 0, "excluded_lines": 0}, "missing_lines": [], "excluded_lines": []}, "DashboardMetricsSerializer": {"executed_lines": [], "summary": {"covered_lines": 0, "num_statements": 0, "percent_covered": 100.0, "percent_covered_display": "100.00", "missing_lines": 0, "excluded_lines": 0}, "missing_lines": [], "excluded_lines": []}, "ActivityItemSerializer": {"executed_lines": [], "summary": {"covered_lines": 0, "num_statements": 0, "percent_covered": 100.0, "percent_covered_display": "100.00", "missing_lines": 0, "excluded_lines": 0}, "missing_lines": [], "excluded_lines": []}, "DashboardAnalyticsSerializer": {"executed_lines": [], "summary": {"covered_lines": 0, "num_statements": 0, "percent_covered": 100.0, "percent_covered_display": "100.00", "missing_lines": 0, "excluded_lines": 0}, "missing_lines": [], "excluded_lines": []}, "BusinessImpactItemSerializer": {"executed_lines": [], "summary": {"covered_lines": 0, "num_statements": 0, "percent_covered": 100.0, "percent_covered_display": "100.00", "missing_lines": 0, "excluded_lines": 0}, "missing_lines": [], "excluded_lines": []}, "BusinessImpactDistributionSerializer": {"executed_lines": [], "summary": {"covered_lines": 0, "num_statements": 0, "percent_covered": 100.0, "percent_covered_display": "100.00", "missing_lines": 0, "excluded_lines": 0}, "missing_lines": [], "excluded_lines": []}, "CategoryBreakdownSerializer": {"executed_lines": [], "summary": {"covered_lines": 0, "num_statements": 0, "percent_covered": 100.0, "percent_covered_display": "100.00", "missing_lines": 0, "excluded_lines": 0}, "missing_lines": [], "excluded_lines": []}, "ClientPerformanceSerializer": {"executed_lines": [], "summary": {"covered_lines": 0, "num_statements": 0, "percent_covered": 100.0, "percent_covered_display": "100.00", "missing_lines": 0, "excluded_lines": 0}, "missing_lines": [], "excluded_lines": []}, "": {"executed_lines": [1, 5, 8, 9, 10, 11, 12, 15, 16, 17, 18, 19, 22, 23, 24, 25, 28, 29, 30, 31, 32, 33, 36, 37, 38, 39, 42, 43, 44, 45, 46, 47, 50, 51, 52, 53, 54, 55, 56, 59, 60, 61, 62, 63, 64, 65, 66, 67, 68, 69, 72, 73, 74, 75, 76, 77, 80, 81, 82, 83, 84, 87, 88, 89, 90, 93, 94, 95, 96, 99, 100, 101, 102, 103, 104, 105, 106, 107, 108], "summary": {"covered_lines": 65, "num_statements": 65, "percent_covered": 100.0, "percent_covered_display": "100.00", "missing_lines": 0, "excluded_lines": 0}, "missing_lines": [], "excluded_lines": []}}}, "apps\\analytics\\services.py": {"executed_lines": [1, 5, 6, 7, 8, 9, 10, 12, 13, 16, 17, 20, 22, 23, 28, 29, 31, 32, 35, 36, 39, 42, 44, 47, 50, 53, 72, 81, 83, 85, 86, 90, 93, 97, 100, 106, 113, 120, 121, 123, 124, 126, 127, 129, 130, 135, 136, 138, 142, 146, 149, 157, 165, 166, 167, 168, 169, 171, 178, 184, 186, 188, 189, 199, 200, 202, 206, 207, 210, 220, 261, 262, 272, 273, 275, 279, 283, 284, 286, 289, 297, 304, 305, 307, 320, 322, 324, 325, 335, 336, 338, 342, 344, 345, 348, 350, 352, 354, 357, 367, 370, 372, 374, 379, 383, 395, 397, 399, 400, 420, 421, 423, 424, 426, 429, 433, 435, 436, 437, 438, 439, 441, 447, 452, 453], "summary": {"covered_lines": 123, "num_statements": 150, "percent_covered": 82.0, "percent_covered_display": "82.00", "missing_lines": 27, "excluded_lines": 0}, "missing_lines": [40, 139, 203, 223, 224, 225, 226, 228, 229, 230, 232, 238, 239, 240, 242, 245, 247, 257, 259, 276, 339, 402, 411, 412, 414, 415, 427], "excluded_lines": [], "functions": {"AnalyticsService.get_dashboard_metrics": {"executed_lines": [28, 29, 31, 32, 35, 36, 39, 42, 44, 47, 50, 53, 72, 81, 83], "summary": {"covered_lines": 15, "num_statements": 16, "percent_covered": 93.75, "percent_covered_display": "93.75", "missing_lines": 1, "excluded_lines": 0}, "missing_lines": [40], "excluded_lines": []}, "AnalyticsService._calculate_period_metrics": {"executed_lines": [90, 93, 97, 100, 106, 113], "summary": {"covered_lines": 6, "num_statements": 6, "percent_covered": 100.0, "percent_covered_display": "100.00", "missing_lines": 0, "excluded_lines": 0}, "missing_lines": [], "excluded_lines": []}, "AnalyticsService._calculate_percentage_change": {"executed_lines": [123, 124, 126, 127], "summary": {"covered_lines": 4, "num_statements": 4, "percent_covered": 100.0, "percent_covered_display": "100.00", "missing_lines": 0, "excluded_lines": 0}, "missing_lines": [], "excluded_lines": []}, "AnalyticsService.get_category_distribution": {"executed_lines": [135, 136, 138, 142, 146, 149, 157, 165, 166, 167, 168, 169, 171, 178, 184, 186], "summary": {"covered_lines": 16, "num_statements": 17, "percent_covered": 94.11764705882354, "percent_covered_display": "94.12", "missing_lines": 1, "excluded_lines": 0}, "missing_lines": [139], "excluded_lines": []}, "AnalyticsService.get_trend_data": {"executed_lines": [199, 200, 202, 206, 207, 210, 220], "summary": {"covered_lines": 7, "num_statements": 24, "percent_covered": 29.166666666666668, "percent_covered_display": "29.17", "missing_lines": 17, "excluded_lines": 0}, "missing_lines": [203, 223, 224, 225, 226, 228, 229, 230, 232, 238, 239, 240, 242, 245, 247, 257, 259], "excluded_lines": []}, "AnalyticsService.get_recent_activity": {"executed_lines": [272, 273, 275, 279, 283, 284, 286, 289, 297, 304, 305, 307, 320, 322], "summary": {"covered_lines": 14, "num_statements": 15, "percent_covered": 93.33333333333333, "percent_covered_display": "93.33", "missing_lines": 1, "excluded_lines": 0}, "missing_lines": [276], "excluded_lines": []}, "AnalyticsService.get_client_performance": {"executed_lines": [335, 336, 338, 342, 344, 345, 348, 350, 352, 354, 357, 367, 370, 372, 374, 379, 383, 395, 397], "summary": {"covered_lines": 19, "num_statements": 20, "percent_covered": 95.0, "percent_covered_display": "95.00", "missing_lines": 1, "excluded_lines": 0}, "missing_lines": [339], "excluded_lines": []}, "AnalyticsService.invalidate_cache": {"executed_lines": [], "summary": {"covered_lines": 0, "num_statements": 5, "percent_covered": 0.0, "percent_covered_display": "0.00", "missing_lines": 5, "excluded_lines": 0}, "missing_lines": [402, 411, 412, 414, 415], "excluded_lines": []}, "AnalyticsService.get_business_impact_distribution": {"executed_lines": [423, 424, 426, 429, 433, 435, 436, 437, 438, 439, 441, 447, 452, 453], "summary": {"covered_lines": 14, "num_statements": 15, "percent_covered": 93.33333333333333, "percent_covered_display": "93.33", "missing_lines": 1, "excluded_lines": 0}, "missing_lines": [427], "excluded_lines": []}, "": {"executed_lines": [1, 5, 6, 7, 8, 9, 10, 12, 13, 16, 17, 20, 22, 23, 85, 86, 120, 121, 129, 130, 188, 189, 261, 262, 324, 325, 399, 400, 420, 421], "summary": {"covered_lines": 28, "num_statements": 28, "percent_covered": 100.0, "percent_covered_display": "100.00", "missing_lines": 0, "excluded_lines": 0}, "missing_lines": [], "excluded_lines": []}}, "classes": {"AnalyticsService": {"executed_lines": [28, 29, 31, 32, 35, 36, 39, 42, 44, 47, 50, 53, 72, 81, 83, 90, 93, 97, 100, 106, 113, 123, 124, 126, 127, 135, 136, 138, 142, 146, 149, 157, 165, 166, 167, 168, 169, 171, 178, 184, 186, 199, 200, 202, 206, 207, 210, 220, 272, 273, 275, 279, 283, 284, 286, 289, 297, 304, 305, 307, 320, 322, 335, 336, 338, 342, 344, 345, 348, 350, 352, 354, 357, 367, 370, 372, 374, 379, 383, 395, 397, 423, 424, 426, 429, 433, 435, 436, 437, 438, 439, 441, 447, 452, 453], "summary": {"covered_lines": 95, "num_statements": 122, "percent_covered": 77.8688524590164, "percent_covered_display": "77.87", "missing_lines": 27, "excluded_lines": 0}, "missing_lines": [40, 139, 203, 223, 224, 225, 226, 228, 229, 230, 232, 238, 239, 240, 242, 245, 247, 257, 259, 276, 339, 402, 411, 412, 414, 415, 427], "excluded_lines": []}, "": {"executed_lines": [1, 5, 6, 7, 8, 9, 10, 12, 13, 16, 17, 20, 22, 23, 85, 86, 120, 121, 129, 130, 188, 189, 261, 262, 324, 325, 399, 400, 420, 421], "summary": {"covered_lines": 28, "num_statements": 28, "percent_covered": 100.0, "percent_covered_display": "100.00", "missing_lines": 0, "excluded_lines": 0}, "missing_lines": [], "excluded_lines": []}}}, "apps\\analytics\\urls.py": {"executed_lines": [1, 4, 5, 7, 9], "summary": {"covered_lines": 4, "num_statements": 4, "percent_covered": 100.0, "percent_covered_display": "100.00", "missing_lines": 0, "excluded_lines": 0}, "missing_lines": [], "excluded_lines": [], "functions": {"": {"executed_lines": [1, 4, 5, 7, 9], "summary": {"covered_lines": 4, "num_statements": 4, "percent_covered": 100.0, "percent_covered_display": "100.00", "missing_lines": 0, "excluded_lines": 0}, "missing_lines": [], "excluded_lines": []}}, "classes": {"": {"executed_lines": [1, 4, 5, 7, 9], "summary": {"covered_lines": 4, "num_statements": 4, "percent_covered": 100.0, "percent_covered_display": "100.00", "missing_lines": 0, "excluded_lines": 0}, "missing_lines": [], "excluded_lines": []}}}, "apps\\analytics\\views.py": {"executed_lines": [1, 5, 6, 7, 8, 10, 11, 22, 23, 28, 30, 62, 63, 68, 70, 84, 85, 90, 92, 117, 118, 123, 125, 139, 140, 145, 147, 174, 175, 180, 182, 198, 199, 204, 206, 220, 221, 227, 229], "summary": {"covered_lines": 30, "num_statements": 100, "percent_covered": 30.0, "percent_covered_display": "30.00", "missing_lines": 70, "excluded_lines": 0}, "missing_lines": [32, 34, 37, 40, 43, 45, 52, 53, 55, 56, 72, 73, 74, 75, 77, 78, 94, 96, 99, 100, 101, 102, 103, 104, 106, 107, 108, 110, 111, 127, 128, 129, 130, 132, 133, 149, 151, 154, 155, 156, 157, 158, 159, 160, 161, 163, 164, 165, 167, 168, 184, 185, 187, 188, 189, 191, 192, 208, 209, 210, 211, 213, 214, 231, 233, 234, 239, 241, 246, 247], "excluded_lines": [], "functions": {"DashboardAnalyticsView.get": {"executed_lines": [], "summary": {"covered_lines": 0, "num_statements": 10, "percent_covered": 0.0, "percent_covered_display": "0.00", "missing_lines": 10, "excluded_lines": 0}, "missing_lines": [32, 34, 37, 40, 43, 45, 52, 53, 55, 56], "excluded_lines": []}, "DashboardMetricsView.get": {"executed_lines": [], "summary": {"covered_lines": 0, "num_statements": 6, "percent_covered": 0.0, "percent_covered_display": "0.00", "missing_lines": 6, "excluded_lines": 0}, "missing_lines": [72, 73, 74, 75, 77, 78], "excluded_lines": []}, "TrendDataView.get": {"executed_lines": [], "summary": {"covered_lines": 0, "num_statements": 13, "percent_covered": 0.0, "percent_covered_display": "0.00", "missing_lines": 13, "excluded_lines": 0}, "missing_lines": [94, 96, 99, 100, 101, 102, 103, 104, 106, 107, 108, 110, 111], "excluded_lines": []}, "CategoryDistributionView.get": {"executed_lines": [], "summary": {"covered_lines": 0, "num_statements": 6, "percent_covered": 0.0, "percent_covered_display": "0.00", "missing_lines": 6, "excluded_lines": 0}, "missing_lines": [127, 128, 129, 130, 132, 133], "excluded_lines": []}, "RecentActivityView.get": {"executed_lines": [], "summary": {"covered_lines": 0, "num_statements": 15, "percent_covered": 0.0, "percent_covered_display": "0.00", "missing_lines": 15, "excluded_lines": 0}, "missing_lines": [149, 151, 154, 155, 156, 157, 158, 159, 160, 161, 163, 164, 165, 167, 168], "excluded_lines": []}, "ClientPerformanceView.get": {"executed_lines": [], "summary": {"covered_lines": 0, "num_statements": 7, "percent_covered": 0.0, "percent_covered_display": "0.00", "missing_lines": 7, "excluded_lines": 0}, "missing_lines": [184, 185, 187, 188, 189, 191, 192], "excluded_lines": []}, "BusinessImpactDistributionView.get": {"executed_lines": [], "summary": {"covered_lines": 0, "num_statements": 6, "percent_covered": 0.0, "percent_covered_display": "0.00", "missing_lines": 6, "excluded_lines": 0}, "missing_lines": [208, 209, 210, 211, 213, 214], "excluded_lines": []}, "CacheInvalidationView.post": {"executed_lines": [], "summary": {"covered_lines": 0, "num_statements": 7, "percent_covered": 0.0, "percent_covered_display": "0.00", "missing_lines": 7, "excluded_lines": 0}, "missing_lines": [231, 233, 234, 239, 241, 246, 247], "excluded_lines": []}, "": {"executed_lines": [1, 5, 6, 7, 8, 10, 11, 22, 23, 28, 30, 62, 63, 68, 70, 84, 85, 90, 92, 117, 118, 123, 125, 139, 140, 145, 147, 174, 175, 180, 182, 198, 199, 204, 206, 220, 221, 227, 229], "summary": {"covered_lines": 30, "num_statements": 30, "percent_covered": 100.0, "percent_covered_display": "100.00", "missing_lines": 0, "excluded_lines": 0}, "missing_lines": [], "excluded_lines": []}}, "classes": {"DashboardAnalyticsView": {"executed_lines": [], "summary": {"covered_lines": 0, "num_statements": 10, "percent_covered": 0.0, "percent_covered_display": "0.00", "missing_lines": 10, "excluded_lines": 0}, "missing_lines": [32, 34, 37, 40, 43, 45, 52, 53, 55, 56], "excluded_lines": []}, "DashboardMetricsView": {"executed_lines": [], "summary": {"covered_lines": 0, "num_statements": 6, "percent_covered": 0.0, "percent_covered_display": "0.00", "missing_lines": 6, "excluded_lines": 0}, "missing_lines": [72, 73, 74, 75, 77, 78], "excluded_lines": []}, "TrendDataView": {"executed_lines": [], "summary": {"covered_lines": 0, "num_statements": 13, "percent_covered": 0.0, "percent_covered_display": "0.00", "missing_lines": 13, "excluded_lines": 0}, "missing_lines": [94, 96, 99, 100, 101, 102, 103, 104, 106, 107, 108, 110, 111], "excluded_lines": []}, "CategoryDistributionView": {"executed_lines": [], "summary": {"covered_lines": 0, "num_statements": 6, "percent_covered": 0.0, "percent_covered_display": "0.00", "missing_lines": 6, "excluded_lines": 0}, "missing_lines": [127, 128, 129, 130, 132, 133], "excluded_lines": []}, "RecentActivityView": {"executed_lines": [], "summary": {"covered_lines": 0, "num_statements": 15, "percent_covered": 0.0, "percent_covered_display": "0.00", "missing_lines": 15, "excluded_lines": 0}, "missing_lines": [149, 151, 154, 155, 156, 157, 158, 159, 160, 161, 163, 164, 165, 167, 168], "excluded_lines": []}, "ClientPerformanceView": {"executed_lines": [], "summary": {"covered_lines": 0, "num_statements": 7, "percent_covered": 0.0, "percent_covered_display": "0.00", "missing_lines": 7, "excluded_lines": 0}, "missing_lines": [184, 185, 187, 188, 189, 191, 192], "excluded_lines": []}, "BusinessImpactDistributionView": {"executed_lines": [], "summary": {"covered_lines": 0, "num_statements": 6, "percent_covered": 0.0, "percent_covered_display": "0.00", "missing_lines": 6, "excluded_lines": 0}, "missing_lines": [208, 209, 210, 211, 213, 214], "excluded_lines": []}, "CacheInvalidationView": {"executed_lines": [], "summary": {"covered_lines": 0, "num_statements": 7, "percent_covered": 0.0, "percent_covered_display": "0.00", "missing_lines": 7, "excluded_lines": 0}, "missing_lines": [231, 233, 234, 239, 241, 246, 247], "excluded_lines": []}, "": {"executed_lines": [1, 5, 6, 7, 8, 10, 11, 22, 23, 28, 30, 62, 63, 68, 70, 84, 85, 90, 92, 117, 118, 123, 125, 139, 140, 145, 147, 174, 175, 180, 182, 198, 199, 204, 206, 220, 221, 227, 229], "summary": {"covered_lines": 30, "num_statements": 30, "percent_covered": 100.0, "percent_covered_display": "100.00", "missing_lines": 0, "excluded_lines": 0}, "missing_lines": [], "excluded_lines": []}}}, "apps\\authentication\\authentication.py": {"executed_lines": [1, 5, 6, 7, 8, 9, 10, 11, 13, 14, 17, 18, 22, 26, 28, 29, 31, 33, 35, 36, 37, 38, 39, 40, 42, 47, 49, 51, 54, 55, 56, 59, 60, 61, 62, 69, 71, 72, 75, 76, 77, 79, 80, 81, 82, 83, 85, 86, 88, 89, 95, 96, 98, 106, 108, 109, 110, 111, 112, 116, 120, 121, 123, 124, 126, 128, 129, 131, 132, 133, 134, 135, 137, 148, 149, 150, 151, 153, 155, 159], "summary": {"covered_lines": 78, "num_statements": 80, "percent_covered": 97.5, "percent_covered_display": "97.50", "missing_lines": 2, "excluded_lines": 0}, "missing_lines": [113, 114], "excluded_lines": [], "functions": {"AzureADAuthentication.authenticate": {"executed_lines": [26, 28, 29, 31, 33, 35, 36, 37, 38, 39, 40], "summary": {"covered_lines": 11, "num_statements": 11, "percent_covered": 100.0, "percent_covered_display": "100.00", "missing_lines": 0, "excluded_lines": 0}, "missing_lines": [], "excluded_lines": []}, "AzureADAuthentication._verify_token": {"executed_lines": [47, 49, 51, 54, 55, 56, 59, 60, 61, 62, 69, 71, 72, 75, 76, 77, 79, 85, 86, 88, 89, 95, 96, 98, 106, 108, 109, 110, 111, 112], "summary": {"covered_lines": 30, "num_statements": 32, "percent_covered": 93.75, "percent_covered_display": "93.75", "missing_lines": 2, "excluded_lines": 0}, "missing_lines": [113, 114], "excluded_lines": []}, "AzureADAuthentication._verify_token.base64url_decode": {"executed_lines": [80, 81, 82, 83], "summary": {"covered_lines": 4, "num_statements": 4, "percent_covered": 100.0, "percent_covered_display": "100.00", "missing_lines": 0, "excluded_lines": 0}, "missing_lines": [], "excluded_lines": []}, "AzureADAuthentication._get_or_create_user": {"executed_lines": [120, 121, 123, 124, 126, 128, 129, 131, 132, 133, 134, 135, 137, 148, 149, 150, 151, 153], "summary": {"covered_lines": 18, "num_statements": 18, "percent_covered": 100.0, "percent_covered_display": "100.00", "missing_lines": 0, "excluded_lines": 0}, "missing_lines": [], "excluded_lines": []}, "AzureADAuthentication.authenticate_header": {"executed_lines": [159], "summary": {"covered_lines": 1, "num_statements": 1, "percent_covered": 100.0, "percent_covered_display": "100.00", "missing_lines": 0, "excluded_lines": 0}, "missing_lines": [], "excluded_lines": []}, "": {"executed_lines": [1, 5, 6, 7, 8, 9, 10, 11, 13, 14, 17, 18, 22, 42, 116, 155], "summary": {"covered_lines": 14, "num_statements": 14, "percent_covered": 100.0, "percent_covered_display": "100.00", "missing_lines": 0, "excluded_lines": 0}, "missing_lines": [], "excluded_lines": []}}, "classes": {"AzureADAuthentication": {"executed_lines": [26, 28, 29, 31, 33, 35, 36, 37, 38, 39, 40, 47, 49, 51, 54, 55, 56, 59, 60, 61, 62, 69, 71, 72, 75, 76, 77, 79, 80, 81, 82, 83, 85, 86, 88, 89, 95, 96, 98, 106, 108, 109, 110, 111, 112, 120, 121, 123, 124, 126, 128, 129, 131, 132, 133, 134, 135, 137, 148, 149, 150, 151, 153, 159], "summary": {"covered_lines": 64, "num_statements": 66, "percent_covered": 96.96969696969697, "percent_covered_display": "96.97", "missing_lines": 2, "excluded_lines": 0}, "missing_lines": [113, 114], "excluded_lines": []}, "": {"executed_lines": [1, 5, 6, 7, 8, 9, 10, 11, 13, 14, 17, 18, 22, 42, 116, 155], "summary": {"covered_lines": 14, "num_statements": 14, "percent_covered": 100.0, "percent_covered_display": "100.00", "missing_lines": 0, "excluded_lines": 0}, "missing_lines": [], "excluded_lines": []}}}, "apps\\authentication\\middleware.py": {"executed_lines": [1, 5, 6, 7, 8, 10, 12, 13, 16, 17, 26, 31, 40, 41, 44, 46, 47, 50, 52, 54, 56, 58, 59, 60, 67, 68, 75, 78, 79, 83, 88, 89, 91, 92, 95, 101, 103, 107, 108, 110, 111, 116, 118, 119, 121, 122, 123, 125, 126, 129, 130, 134, 138, 148, 150, 151, 153, 154, 155, 157, 158, 161, 162, 166, 170, 171, 172, 174], "summary": {"covered_lines": 63, "num_statements": 73, "percent_covered": 86.3013698630137, "percent_covered_display": "86.30", "missing_lines": 10, "excluded_lines": 0}, "missing_lines": [63, 65, 70, 73, 93, 140, 142, 143, 144, 146], "excluded_lines": [], "functions": {"JWTAuthenticationMiddleware.process_request": {"executed_lines": [31, 40, 41, 44, 46, 47, 50, 52, 54, 56, 58, 59, 60, 67, 68, 75], "summary": {"covered_lines": 16, "num_statements": 20, "percent_covered": 80.0, "percent_covered_display": "80.00", "missing_lines": 4, "excluded_lines": 0}, "missing_lines": [63, 65, 70, 73], "excluded_lines": []}, "RequestLoggingMiddleware.process_request": {"executed_lines": [88, 89, 91, 92, 95, 101], "summary": {"covered_lines": 6, "num_statements": 7, "percent_covered": 85.71428571428571, "percent_covered_display": "85.71", "missing_lines": 1, "excluded_lines": 0}, "missing_lines": [93], "excluded_lines": []}, "RequestLoggingMiddleware.process_response": {"executed_lines": [107, 108, 110, 111, 116], "summary": {"covered_lines": 5, "num_statements": 5, "percent_covered": 100.0, "percent_covered_display": "100.00", "missing_lines": 0, "excluded_lines": 0}, "missing_lines": [], "excluded_lines": []}, "RequestLoggingMiddleware.get_client_ip": {"executed_lines": [121, 122, 123, 125, 126], "summary": {"covered_lines": 5, "num_statements": 5, "percent_covered": 100.0, "percent_covered_display": "100.00", "missing_lines": 0, "excluded_lines": 0}, "missing_lines": [], "excluded_lines": []}, "SessionTrackingMiddleware.process_request": {"executed_lines": [138, 148], "summary": {"covered_lines": 2, "num_statements": 7, "percent_covered": 28.571428571428573, "percent_covered_display": "28.57", "missing_lines": 5, "excluded_lines": 0}, "missing_lines": [140, 142, 143, 144, 146], "excluded_lines": []}, "SessionTrackingMiddleware.get_client_ip": {"executed_lines": [153, 154, 155, 157, 158], "summary": {"covered_lines": 5, "num_statements": 5, "percent_covered": 100.0, "percent_covered_display": "100.00", "missing_lines": 0, "excluded_lines": 0}, "missing_lines": [], "excluded_lines": []}, "APIVersionMiddleware.process_response": {"executed_lines": [170, 171, 172, 174], "summary": {"covered_lines": 4, "num_statements": 4, "percent_covered": 100.0, "percent_covered_display": "100.00", "missing_lines": 0, "excluded_lines": 0}, "missing_lines": [], "excluded_lines": []}, "": {"executed_lines": [1, 5, 6, 7, 8, 10, 12, 13, 16, 17, 26, 78, 79, 83, 103, 118, 119, 129, 130, 134, 150, 151, 161, 162, 166], "summary": {"covered_lines": 20, "num_statements": 20, "percent_covered": 100.0, "percent_covered_display": "100.00", "missing_lines": 0, "excluded_lines": 0}, "missing_lines": [], "excluded_lines": []}}, "classes": {"JWTAuthenticationMiddleware": {"executed_lines": [31, 40, 41, 44, 46, 47, 50, 52, 54, 56, 58, 59, 60, 67, 68, 75], "summary": {"covered_lines": 16, "num_statements": 20, "percent_covered": 80.0, "percent_covered_display": "80.00", "missing_lines": 4, "excluded_lines": 0}, "missing_lines": [63, 65, 70, 73], "excluded_lines": []}, "RequestLoggingMiddleware": {"executed_lines": [88, 89, 91, 92, 95, 101, 107, 108, 110, 111, 116, 121, 122, 123, 125, 126], "summary": {"covered_lines": 16, "num_statements": 17, "percent_covered": 94.11764705882354, "percent_covered_display": "94.12", "missing_lines": 1, "excluded_lines": 0}, "missing_lines": [93], "excluded_lines": []}, "SessionTrackingMiddleware": {"executed_lines": [138, 148, 153, 154, 155, 157, 158], "summary": {"covered_lines": 7, "num_statements": 12, "percent_covered": 58.333333333333336, "percent_covered_display": "58.33", "missing_lines": 5, "excluded_lines": 0}, "missing_lines": [140, 142, 143, 144, 146], "excluded_lines": []}, "APIVersionMiddleware": {"executed_lines": [170, 171, 172, 174], "summary": {"covered_lines": 4, "num_statements": 4, "percent_covered": 100.0, "percent_covered_display": "100.00", "missing_lines": 0, "excluded_lines": 0}, "missing_lines": [], "excluded_lines": []}, "": {"executed_lines": [1, 5, 6, 7, 8, 10, 12, 13, 16, 17, 26, 78, 79, 83, 103, 118, 119, 129, 130, 134, 150, 151, 161, 162, 166], "summary": {"covered_lines": 20, "num_statements": 20, "percent_covered": 100.0, "percent_covered_display": "100.00", "missing_lines": 0, "excluded_lines": 0}, "missing_lines": [], "excluded_lines": []}}}, "apps\\authentication\\models.py": {"executed_lines": [1, 5, 6, 7, 10, 11, 14, 21, 22, 23, 26, 34, 35, 36, 39, 40, 41, 43, 44, 45, 53, 54, 56, 57, 58, 61, 62, 65, 66, 67, 68, 69, 70, 71, 72, 74, 75, 77, 78], "summary": {"covered_lines": 32, "num_statements": 32, "percent_covered": 100.0, "percent_covered_display": "100.00", "missing_lines": 0, "excluded_lines": 4}, "missing_lines": [], "excluded_lines": [53, 54, 77, 78], "functions": {"User.__str__": {"executed_lines": [54], "summary": {"covered_lines": 0, "num_statements": 0, "percent_covered": 100.0, "percent_covered_display": "100.00", "missing_lines": 0, "excluded_lines": 1}, "missing_lines": [], "excluded_lines": [54]}, "User.full_name": {"executed_lines": [58], "summary": {"covered_lines": 1, "num_statements": 1, "percent_covered": 100.0, "percent_covered_display": "100.00", "missing_lines": 0, "excluded_lines": 0}, "missing_lines": [], "excluded_lines": []}, "UserSession.__str__": {"executed_lines": [78], "summary": {"covered_lines": 0, "num_statements": 0, "percent_covered": 100.0, "percent_covered_display": "100.00", "missing_lines": 0, "excluded_lines": 1}, "missing_lines": [], "excluded_lines": [78]}, "": {"executed_lines": [1, 5, 6, 7, 10, 11, 14, 21, 22, 23, 26, 34, 35, 36, 39, 40, 41, 43, 44, 45, 53, 56, 57, 61, 62, 65, 66, 67, 68, 69, 70, 71, 72, 74, 75, 77], "summary": {"covered_lines": 31, "num_statements": 31, "percent_covered": 100.0, "percent_covered_display": "100.00", "missing_lines": 0, "excluded_lines": 2}, "missing_lines": [], "excluded_lines": [53, 77]}}, "classes": {"User": {"executed_lines": [54, 58], "summary": {"covered_lines": 1, "num_statements": 1, "percent_covered": 100.0, "percent_covered_display": "100.00", "missing_lines": 0, "excluded_lines": 1}, "missing_lines": [], "excluded_lines": [54]}, "User.Meta": {"executed_lines": [], "summary": {"covered_lines": 0, "num_statements": 0, "percent_covered": 100.0, "percent_covered_display": "100.00", "missing_lines": 0, "excluded_lines": 0}, "missing_lines": [], "excluded_lines": []}, "UserSession": {"executed_lines": [78], "summary": {"covered_lines": 0, "num_statements": 0, "percent_covered": 100.0, "percent_covered_display": "100.00", "missing_lines": 0, "excluded_lines": 1}, "missing_lines": [], "excluded_lines": [78]}, "UserSession.Meta": {"executed_lines": [], "summary": {"covered_lines": 0, "num_statements": 0, "percent_covered": 100.0, "percent_covered_display": "100.00", "missing_lines": 0, "excluded_lines": 0}, "missing_lines": [], "excluded_lines": []}, "": {"executed_lines": [1, 5, 6, 7, 10, 11, 14, 21, 22, 23, 26, 34, 35, 36, 39, 40, 41, 43, 44, 45, 53, 56, 57, 61, 62, 65, 66, 67, 68, 69, 70, 71, 72, 74, 75, 77], "summary": {"covered_lines": 31, "num_statements": 31, "percent_covered": 100.0, "percent_covered_display": "100.00", "missing_lines": 0, "excluded_lines": 2}, "missing_lines": [], "excluded_lines": [53, 77]}}}, "apps\\authentication\\permissions.py": {"executed_lines": [1, 5, 6, 9, 10, 13, 14, 17, 18, 21, 22, 29, 30, 33, 34, 41, 42, 45, 46, 53, 54, 57, 58, 65, 66, 73, 74, 75, 78, 79, 82, 83, 86, 87, 92, 93, 100, 118, 137, 138, 142, 143, 146, 147, 150, 161, 162, 165, 166, 173, 174, 178, 179, 180], "summary": {"covered_lines": 42, "num_statements": 65, "percent_covered": 64.61538461538461, "percent_covered_display": "64.62", "missing_lines": 23, "excluded_lines": 0}, "missing_lines": [89, 101, 102, 105, 106, 109, 110, 113, 114, 116, 123, 124, 127, 128, 131, 132, 134, 152, 153, 157, 158, 182, 183], "excluded_lines": [], "functions": {"IsAuthenticated.has_permission": {"executed_lines": [14], "summary": {"covered_lines": 1, "num_statements": 1, "percent_covered": 100.0, "percent_covered_display": "100.00", "missing_lines": 0, "excluded_lines": 0}, "missing_lines": [], "excluded_lines": []}, "IsAdmin.has_permission": {"executed_lines": [22], "summary": {"covered_lines": 1, "num_statements": 1, "percent_covered": 100.0, "percent_covered_display": "100.00", "missing_lines": 0, "excluded_lines": 0}, "missing_lines": [], "excluded_lines": []}, "IsManager.has_permission": {"executed_lines": [34], "summary": {"covered_lines": 1, "num_statements": 1, "percent_covered": 100.0, "percent_covered_display": "100.00", "missing_lines": 0, "excluded_lines": 0}, "missing_lines": [], "excluded_lines": []}, "IsAnalyst.has_permission": {"executed_lines": [46], "summary": {"covered_lines": 1, "num_statements": 1, "percent_covered": 100.0, "percent_covered_display": "100.00", "missing_lines": 0, "excluded_lines": 0}, "missing_lines": [], "excluded_lines": []}, "IsViewer.has_permission": {"executed_lines": [58], "summary": {"covered_lines": 1, "num_statements": 1, "percent_covered": 100.0, "percent_covered_display": "100.00", "missing_lines": 0, "excluded_lines": 0}, "missing_lines": [], "excluded_lines": []}, "CanManageClients.has_permission": {"executed_lines": [74, 75, 78, 79, 82, 83, 86, 87], "summary": {"covered_lines": 8, "num_statements": 9, "percent_covered": 88.88888888888889, "percent_covered_display": "88.89", "missing_lines": 1, "excluded_lines": 0}, "missing_lines": [89], "excluded_lines": []}, "CanManageReports.has_permission": {"executed_lines": [], "summary": {"covered_lines": 0, "num_statements": 9, "percent_covered": 0.0, "percent_covered_display": "0.00", "missing_lines": 9, "excluded_lines": 0}, "missing_lines": [101, 102, 105, 106, 109, 110, 113, 114, 116], "excluded_lines": []}, "CanManageReports.has_object_permission": {"executed_lines": [], "summary": {"covered_lines": 0, "num_statements": 7, "percent_covered": 0.0, "percent_covered_display": "0.00", "missing_lines": 7, "excluded_lines": 0}, "missing_lines": [123, 124, 127, 128, 131, 132, 134], "excluded_lines": []}, "CanViewAnalytics.has_permission": {"executed_lines": [143], "summary": {"covered_lines": 1, "num_statements": 1, "percent_covered": 100.0, "percent_covered_display": "100.00", "missing_lines": 0, "excluded_lines": 0}, "missing_lines": [], "excluded_lines": []}, "IsOwnerOrReadOnly.has_object_permission": {"executed_lines": [], "summary": {"covered_lines": 0, "num_statements": 4, "percent_covered": 0.0, "percent_covered_display": "0.00", "missing_lines": 4, "excluded_lines": 0}, "missing_lines": [152, 153, 157, 158], "excluded_lines": []}, "IsSuperUser.has_permission": {"executed_lines": [166], "summary": {"covered_lines": 1, "num_statements": 1, "percent_covered": 100.0, "percent_covered_display": "100.00", "missing_lines": 0, "excluded_lines": 0}, "missing_lines": [], "excluded_lines": []}, "RoleBasedPermission.has_permission": {"executed_lines": [179, 180], "summary": {"covered_lines": 2, "num_statements": 4, "percent_covered": 50.0, "percent_covered_display": "50.00", "missing_lines": 2, "excluded_lines": 0}, "missing_lines": [182, 183], "excluded_lines": []}, "": {"executed_lines": [1, 5, 6, 9, 10, 13, 17, 18, 21, 29, 30, 33, 41, 42, 45, 53, 54, 57, 65, 66, 73, 92, 93, 100, 118, 137, 138, 142, 146, 147, 150, 161, 162, 165, 173, 174, 178], "summary": {"covered_lines": 25, "num_statements": 25, "percent_covered": 100.0, "percent_covered_display": "100.00", "missing_lines": 0, "excluded_lines": 0}, "missing_lines": [], "excluded_lines": []}}, "classes": {"IsAuthenticated": {"executed_lines": [14], "summary": {"covered_lines": 1, "num_statements": 1, "percent_covered": 100.0, "percent_covered_display": "100.00", "missing_lines": 0, "excluded_lines": 0}, "missing_lines": [], "excluded_lines": []}, "IsAdmin": {"executed_lines": [22], "summary": {"covered_lines": 1, "num_statements": 1, "percent_covered": 100.0, "percent_covered_display": "100.00", "missing_lines": 0, "excluded_lines": 0}, "missing_lines": [], "excluded_lines": []}, "IsManager": {"executed_lines": [34], "summary": {"covered_lines": 1, "num_statements": 1, "percent_covered": 100.0, "percent_covered_display": "100.00", "missing_lines": 0, "excluded_lines": 0}, "missing_lines": [], "excluded_lines": []}, "IsAnalyst": {"executed_lines": [46], "summary": {"covered_lines": 1, "num_statements": 1, "percent_covered": 100.0, "percent_covered_display": "100.00", "missing_lines": 0, "excluded_lines": 0}, "missing_lines": [], "excluded_lines": []}, "IsViewer": {"executed_lines": [58], "summary": {"covered_lines": 1, "num_statements": 1, "percent_covered": 100.0, "percent_covered_display": "100.00", "missing_lines": 0, "excluded_lines": 0}, "missing_lines": [], "excluded_lines": []}, "CanManageClients": {"executed_lines": [74, 75, 78, 79, 82, 83, 86, 87], "summary": {"covered_lines": 8, "num_statements": 9, "percent_covered": 88.88888888888889, "percent_covered_display": "88.89", "missing_lines": 1, "excluded_lines": 0}, "missing_lines": [89], "excluded_lines": []}, "CanManageReports": {"executed_lines": [], "summary": {"covered_lines": 0, "num_statements": 16, "percent_covered": 0.0, "percent_covered_display": "0.00", "missing_lines": 16, "excluded_lines": 0}, "missing_lines": [101, 102, 105, 106, 109, 110, 113, 114, 116, 123, 124, 127, 128, 131, 132, 134], "excluded_lines": []}, "CanViewAnalytics": {"executed_lines": [143], "summary": {"covered_lines": 1, "num_statements": 1, "percent_covered": 100.0, "percent_covered_display": "100.00", "missing_lines": 0, "excluded_lines": 0}, "missing_lines": [], "excluded_lines": []}, "IsOwnerOrReadOnly": {"executed_lines": [], "summary": {"covered_lines": 0, "num_statements": 4, "percent_covered": 0.0, "percent_covered_display": "0.00", "missing_lines": 4, "excluded_lines": 0}, "missing_lines": [152, 153, 157, 158], "excluded_lines": []}, "IsSuperUser": {"executed_lines": [166], "summary": {"covered_lines": 1, "num_statements": 1, "percent_covered": 100.0, "percent_covered_display": "100.00", "missing_lines": 0, "excluded_lines": 0}, "missing_lines": [], "excluded_lines": []}, "RoleBasedPermission": {"executed_lines": [179, 180], "summary": {"covered_lines": 2, "num_statements": 4, "percent_covered": 50.0, "percent_covered_display": "50.00", "missing_lines": 2, "excluded_lines": 0}, "missing_lines": [182, 183], "excluded_lines": []}, "": {"executed_lines": [1, 5, 6, 9, 10, 13, 17, 18, 21, 29, 30, 33, 41, 42, 45, 53, 54, 57, 65, 66, 73, 92, 93, 100, 118, 137, 138, 142, 146, 147, 150, 161, 162, 165, 173, 174, 178], "summary": {"covered_lines": 25, "num_statements": 25, "percent_covered": 100.0, "percent_covered_display": "100.00", "missing_lines": 0, "excluded_lines": 0}, "missing_lines": [], "excluded_lines": []}}}, "apps\\authentication\\serializers.py": {"executed_lines": [1, 5, 6, 8, 11, 12, 15, 16, 18, 19, 20, 43, 57, 58, 61, 62, 64, 65, 66, 81, 82, 85, 86, 88, 89, 90, 104, 113, 114, 117, 123, 124, 127, 128, 129, 130, 131, 134, 135, 138, 144, 145, 148, 149, 150, 153, 154, 157, 163, 164, 168, 169, 170, 172, 174, 175, 178, 180, 182, 183, 186, 189, 190, 193, 194, 195, 201], "summary": {"covered_lines": 56, "num_statements": 59, "percent_covered": 94.91525423728814, "percent_covered_display": "94.92", "missing_lines": 3, "excluded_lines": 0}, "missing_lines": [203, 204, 207], "excluded_lines": [], "functions": {"ChangePasswordSerializer.validate": {"executed_lines": [174, 175, 178], "summary": {"covered_lines": 3, "num_statements": 3, "percent_covered": 100.0, "percent_covered_display": "100.00", "missing_lines": 0, "excluded_lines": 0}, "missing_lines": [], "excluded_lines": []}, "ChangePasswordSerializer.validate_new_password": {"executed_lines": [182, 183, 186], "summary": {"covered_lines": 3, "num_statements": 3, "percent_covered": 100.0, "percent_covered_display": "100.00", "missing_lines": 0, "excluded_lines": 0}, "missing_lines": [], "excluded_lines": []}, "UpdateProfileSerializer.validate_phone_number": {"executed_lines": [], "summary": {"covered_lines": 0, "num_statements": 3, "percent_covered": 0.0, "percent_covered_display": "0.00", "missing_lines": 3, "excluded_lines": 0}, "missing_lines": [203, 204, 207], "excluded_lines": []}, "": {"executed_lines": [1, 5, 6, 8, 11, 12, 15, 16, 18, 19, 20, 43, 57, 58, 61, 62, 64, 65, 66, 81, 82, 85, 86, 88, 89, 90, 104, 113, 114, 117, 123, 124, 127, 128, 129, 130, 131, 134, 135, 138, 144, 145, 148, 149, 150, 153, 154, 157, 163, 164, 168, 169, 170, 172, 180, 189, 190, 193, 194, 195, 201], "summary": {"covered_lines": 50, "num_statements": 50, "percent_covered": 100.0, "percent_covered_display": "100.00", "missing_lines": 0, "excluded_lines": 0}, "missing_lines": [], "excluded_lines": []}}, "classes": {"UserSerializer": {"executed_lines": [], "summary": {"covered_lines": 0, "num_statements": 0, "percent_covered": 100.0, "percent_covered_display": "100.00", "missing_lines": 0, "excluded_lines": 0}, "missing_lines": [], "excluded_lines": []}, "UserSerializer.Meta": {"executed_lines": [], "summary": {"covered_lines": 0, "num_statements": 0, "percent_covered": 100.0, "percent_covered_display": "100.00", "missing_lines": 0, "excluded_lines": 0}, "missing_lines": [], "excluded_lines": []}, "UserListSerializer": {"executed_lines": [], "summary": {"covered_lines": 0, "num_statements": 0, "percent_covered": 100.0, "percent_covered_display": "100.00", "missing_lines": 0, "excluded_lines": 0}, "missing_lines": [], "excluded_lines": []}, "UserListSerializer.Meta": {"executed_lines": [], "summary": {"covered_lines": 0, "num_statements": 0, "percent_covered": 100.0, "percent_covered_display": "100.00", "missing_lines": 0, "excluded_lines": 0}, "missing_lines": [], "excluded_lines": []}, "UserProfileSerializer": {"executed_lines": [], "summary": {"covered_lines": 0, "num_statements": 0, "percent_covered": 100.0, "percent_covered_display": "100.00", "missing_lines": 0, "excluded_lines": 0}, "missing_lines": [], "excluded_lines": []}, "UserProfileSerializer.Meta": {"executed_lines": [], "summary": {"covered_lines": 0, "num_statements": 0, "percent_covered": 100.0, "percent_covered_display": "100.00", "missing_lines": 0, "excluded_lines": 0}, "missing_lines": [], "excluded_lines": []}, "AzureADLoginSerializer": {"executed_lines": [], "summary": {"covered_lines": 0, "num_statements": 0, "percent_covered": 100.0, "percent_covered_display": "100.00", "missing_lines": 0, "excluded_lines": 0}, "missing_lines": [], "excluded_lines": []}, "TokenResponseSerializer": {"executed_lines": [], "summary": {"covered_lines": 0, "num_statements": 0, "percent_covered": 100.0, "percent_covered_display": "100.00", "missing_lines": 0, "excluded_lines": 0}, "missing_lines": [], "excluded_lines": []}, "TokenRefreshSerializer": {"executed_lines": [], "summary": {"covered_lines": 0, "num_statements": 0, "percent_covered": 100.0, "percent_covered_display": "100.00", "missing_lines": 0, "excluded_lines": 0}, "missing_lines": [], "excluded_lines": []}, "RefreshTokenResponseSerializer": {"executed_lines": [], "summary": {"covered_lines": 0, "num_statements": 0, "percent_covered": 100.0, "percent_covered_display": "100.00", "missing_lines": 0, "excluded_lines": 0}, "missing_lines": [], "excluded_lines": []}, "LogoutSerializer": {"executed_lines": [], "summary": {"covered_lines": 0, "num_statements": 0, "percent_covered": 100.0, "percent_covered_display": "100.00", "missing_lines": 0, "excluded_lines": 0}, "missing_lines": [], "excluded_lines": []}, "ChangePasswordSerializer": {"executed_lines": [174, 175, 178, 182, 183, 186], "summary": {"covered_lines": 6, "num_statements": 6, "percent_covered": 100.0, "percent_covered_display": "100.00", "missing_lines": 0, "excluded_lines": 0}, "missing_lines": [], "excluded_lines": []}, "UpdateProfileSerializer": {"executed_lines": [], "summary": {"covered_lines": 0, "num_statements": 3, "percent_covered": 0.0, "percent_covered_display": "0.00", "missing_lines": 3, "excluded_lines": 0}, "missing_lines": [203, 204, 207], "excluded_lines": []}, "UpdateProfileSerializer.Meta": {"executed_lines": [], "summary": {"covered_lines": 0, "num_statements": 0, "percent_covered": 100.0, "percent_covered_display": "100.00", "missing_lines": 0, "excluded_lines": 0}, "missing_lines": [], "excluded_lines": []}, "": {"executed_lines": [1, 5, 6, 8, 11, 12, 15, 16, 18, 19, 20, 43, 57, 58, 61, 62, 64, 65, 66, 81, 82, 85, 86, 88, 89, 90, 104, 113, 114, 117, 123, 124, 127, 128, 129, 130, 131, 134, 135, 138, 144, 145, 148, 149, 150, 153, 154, 157, 163, 164, 168, 169, 170, 172, 180, 189, 190, 193, 194, 195, 201], "summary": {"covered_lines": 50, "num_statements": 50, "percent_covered": 100.0, "percent_covered_display": "100.00", "missing_lines": 0, "excluded_lines": 0}, "missing_lines": [], "excluded_lines": []}}}, "apps\\authentication\\services.py": {"executed_lines": [1, 11, 12, 13, 14, 15, 16, 17, 18, 19, 20, 22, 23, 26, 27, 31, 32, 33, 34, 35, 36, 38, 48, 58, 60, 63, 64, 66, 67, 68, 69, 70, 74, 90, 93, 94, 95, 96, 99, 100, 101, 103, 113, 114, 115, 117, 118, 119, 122, 134, 147, 148, 149, 151, 157, 167, 168, 169, 171, 176, 181, 182, 186, 187, 241, 242, 253, 254, 261, 265, 267, 270, 271, 272, 277, 278, 288, 290, 291, 293, 294, 318, 319, 320, 326, 327, 332, 339, 340, 351, 352, 354, 355, 357, 359, 360, 362, 364, 365, 367, 369, 370, 374, 375, 379, 380, 382], "summary": {"covered_lines": 103, "num_statements": 158, "percent_covered": 65.18987341772151, "percent_covered_display": "65.19", "missing_lines": 55, "excluded_lines": 0}, "missing_lines": [42, 77, 78, 80, 82, 83, 84, 85, 87, 88, 91, 92, 97, 98, 135, 136, 137, 138, 139, 140, 141, 142, 144, 153, 154, 155, 172, 174, 177, 178, 197, 199, 208, 215, 222, 228, 230, 237, 238, 239, 262, 263, 268, 269, 273, 274, 275, 297, 306, 312, 321, 322, 323, 372, 377], "excluded_lines": [], "functions": {"AzureADService.__init__": {"executed_lines": [32, 33, 34, 35, 36], "summary": {"covered_lines": 5, "num_statements": 5, "percent_covered": 100.0, "percent_covered_display": "100.00", "missing_lines": 0, "excluded_lines": 0}, "missing_lines": [], "excluded_lines": []}, "AzureADService.get_msal_app": {"executed_lines": [], "summary": {"covered_lines": 0, "num_statements": 1, "percent_covered": 0.0, "percent_covered_display": "0.00", "missing_lines": 1, "excluded_lines": 0}, "missing_lines": [42], "excluded_lines": []}, "AzureADService.validate_token": {"executed_lines": [58, 60, 63, 64, 66, 67, 68, 69, 70, 74, 90, 93, 94, 95, 96, 99, 100, 101], "summary": {"covered_lines": 18, "num_statements": 31, "percent_covered": 58.064516129032256, "percent_covered_display": "58.06", "missing_lines": 13, "excluded_lines": 0}, "missing_lines": [77, 78, 80, 82, 83, 84, 85, 87, 88, 91, 92, 97, 98], "excluded_lines": []}, "AzureADService.create_or_update_user": {"executed_lines": [113, 114, 115, 117, 118, 119, 122, 134, 147, 148, 149, 151], "summary": {"covered_lines": 12, "num_statements": 24, "percent_covered": 50.0, "percent_covered_display": "50.00", "missing_lines": 12, "excluded_lines": 0}, "missing_lines": [135, 136, 137, 138, 139, 140, 141, 142, 144, 153, 154, 155], "excluded_lines": []}, "AzureADService.get_user_profile": {"executed_lines": [167, 168, 169, 171, 176], "summary": {"covered_lines": 5, "num_statements": 9, "percent_covered": 55.55555555555556, "percent_covered_display": "55.56", "missing_lines": 4, "excluded_lines": 0}, "missing_lines": [172, 174, 177, 178], "excluded_lines": []}, "JWTService.generate_token": {"executed_lines": [], "summary": {"covered_lines": 0, "num_statements": 10, "percent_covered": 0.0, "percent_covered_display": "0.00", "missing_lines": 10, "excluded_lines": 0}, "missing_lines": [197, 199, 208, 215, 222, 228, 230, 237, 238, 239], "excluded_lines": []}, "JWTService.validate_token": {"executed_lines": [253, 254, 261, 265, 267, 270, 271, 272], "summary": {"covered_lines": 8, "num_statements": 15, "percent_covered": 53.333333333333336, "percent_covered_display": "53.33", "missing_lines": 7, "excluded_lines": 0}, "missing_lines": [262, 263, 268, 269, 273, 274, 275], "excluded_lines": []}, "JWTService.refresh_access_token": {"executed_lines": [288, 290, 291, 293, 294, 318, 319, 320], "summary": {"covered_lines": 8, "num_statements": 14, "percent_covered": 57.142857142857146, "percent_covered_display": "57.14", "missing_lines": 6, "excluded_lines": 0}, "missing_lines": [297, 306, 312, 321, 322, 323], "excluded_lines": []}, "RoleService.has_permission": {"executed_lines": [351, 352, 354, 355, 357], "summary": {"covered_lines": 5, "num_statements": 5, "percent_covered": 100.0, "percent_covered_display": "100.00", "missing_lines": 0, "excluded_lines": 0}, "missing_lines": [], "excluded_lines": []}, "RoleService.can_manage_users": {"executed_lines": [362], "summary": {"covered_lines": 1, "num_statements": 1, "percent_covered": 100.0, "percent_covered_display": "100.00", "missing_lines": 0, "excluded_lines": 0}, "missing_lines": [], "excluded_lines": []}, "RoleService.can_create_clients": {"executed_lines": [367], "summary": {"covered_lines": 1, "num_statements": 1, "percent_covered": 100.0, "percent_covered_display": "100.00", "missing_lines": 0, "excluded_lines": 0}, "missing_lines": [], "excluded_lines": []}, "RoleService.can_generate_reports": {"executed_lines": [], "summary": {"covered_lines": 0, "num_statements": 1, "percent_covered": 0.0, "percent_covered_display": "0.00", "missing_lines": 1, "excluded_lines": 0}, "missing_lines": [372], "excluded_lines": []}, "RoleService.can_view_reports": {"executed_lines": [], "summary": {"covered_lines": 0, "num_statements": 1, "percent_covered": 0.0, "percent_covered_display": "0.00", "missing_lines": 1, "excluded_lines": 0}, "missing_lines": [377], "excluded_lines": []}, "RoleService.can_delete_clients": {"executed_lines": [382], "summary": {"covered_lines": 1, "num_statements": 1, "percent_covered": 100.0, "percent_covered_display": "100.00", "missing_lines": 0, "excluded_lines": 0}, "missing_lines": [], "excluded_lines": []}, "": {"executed_lines": [1, 11, 12, 13, 14, 15, 16, 17, 18, 19, 20, 22, 23, 26, 27, 31, 38, 48, 103, 157, 181, 182, 186, 187, 241, 242, 277, 278, 326, 327, 332, 339, 340, 359, 360, 364, 365, 369, 370, 374, 375, 379, 380], "summary": {"covered_lines": 39, "num_statements": 39, "percent_covered": 100.0, "percent_covered_display": "100.00", "missing_lines": 0, "excluded_lines": 0}, "missing_lines": [], "excluded_lines": []}}, "classes": {"AzureADService": {"executed_lines": [32, 33, 34, 35, 36, 58, 60, 63, 64, 66, 67, 68, 69, 70, 74, 90, 93, 94, 95, 96, 99, 100, 101, 113, 114, 115, 117, 118, 119, 122, 134, 147, 148, 149, 151, 167, 168, 169, 171, 176], "summary": {"covered_lines": 40, "num_statements": 70, "percent_covered": 57.142857142857146, "percent_covered_display": "57.14", "missing_lines": 30, "excluded_lines": 0}, "missing_lines": [42, 77, 78, 80, 82, 83, 84, 85, 87, 88, 91, 92, 97, 98, 135, 136, 137, 138, 139, 140, 141, 142, 144, 153, 154, 155, 172, 174, 177, 178], "excluded_lines": []}, "JWTService": {"executed_lines": [253, 254, 261, 265, 267, 270, 271, 272, 288, 290, 291, 293, 294, 318, 319, 320], "summary": {"covered_lines": 16, "num_statements": 39, "percent_covered": 41.02564102564103, "percent_covered_display": "41.03", "missing_lines": 23, "excluded_lines": 0}, "missing_lines": [197, 199, 208, 215, 222, 228, 230, 237, 238, 239, 262, 263, 268, 269, 273, 274, 275, 297, 306, 312, 321, 322, 323], "excluded_lines": []}, "RoleService": {"executed_lines": [351, 352, 354, 355, 357, 362, 367, 382], "summary": {"covered_lines": 8, "num_statements": 10, "percent_covered": 80.0, "percent_covered_display": "80.00", "missing_lines": 2, "excluded_lines": 0}, "missing_lines": [372, 377], "excluded_lines": []}, "": {"executed_lines": [1, 11, 12, 13, 14, 15, 16, 17, 18, 19, 20, 22, 23, 26, 27, 31, 38, 48, 103, 157, 181, 182, 186, 187, 241, 242, 277, 278, 326, 327, 332, 339, 340, 359, 360, 364, 365, 369, 370, 374, 375, 379, 380], "summary": {"covered_lines": 39, "num_statements": 39, "percent_covered": 100.0, "percent_covered_display": "100.00", "missing_lines": 0, "excluded_lines": 0}, "missing_lines": [], "excluded_lines": []}}}, "apps\\authentication\\urls.py": {"executed_lines": [1, 4, 5, 6, 8, 11, 12, 14], "summary": {"covered_lines": 7, "num_statements": 7, "percent_covered": 100.0, "percent_covered_display": "100.00", "missing_lines": 0, "excluded_lines": 0}, "missing_lines": [], "excluded_lines": [], "functions": {"": {"executed_lines": [1, 4, 5, 6, 8, 11, 12, 14], "summary": {"covered_lines": 7, "num_statements": 7, "percent_covered": 100.0, "percent_covered_display": "100.00", "missing_lines": 0, "excluded_lines": 0}, "missing_lines": [], "excluded_lines": []}}, "classes": {"": {"executed_lines": [1, 4, 5, 6, 8, 11, 12, 14], "summary": {"covered_lines": 7, "num_statements": 7, "percent_covered": 100.0, "percent_covered_display": "100.00", "missing_lines": 0, "excluded_lines": 0}, "missing_lines": [], "excluded_lines": []}}}, "apps\\authentication\\views.py": {"executed_lines": [1, 5, 6, 7, 8, 9, 10, 11, 13, 24, 25, 27, 28, 31, 32, 40, 41, 43, 88, 89, 99, 100, 108, 109, 111, 131, 132, 140, 141, 143, 159, 160, 165, 166, 168, 175, 195, 196, 205, 206, 208, 214, 242, 243, 260, 261, 286, 287, 330, 331], "summary": {"covered_lines": 44, "num_statements": 125, "percent_covered": 35.2, "percent_covered_display": "35.20", "missing_lines": 81, "excluded_lines": 0}, "missing_lines": [47, 48, 50, 51, 54, 56, 57, 63, 65, 66, 72, 73, 74, 77, 79, 84, 86, 91, 92, 93, 95, 96, 115, 116, 118, 119, 121, 122, 127, 128, 151, 153, 172, 173, 179, 184, 185, 187, 189, 210, 211, 212, 218, 221, 222, 223, 226, 227, 228, 231, 232, 233, 240, 249, 250, 251, 253, 255, 267, 270, 271, 276, 277, 279, 281, 296, 297, 299, 300, 306, 307, 308, 314, 315, 320, 321, 323, 325, 337, 339, 348], "excluded_lines": [], "functions": {"AzureADLoginView.post": {"executed_lines": [], "summary": {"covered_lines": 0, "num_statements": 17, "percent_covered": 0.0, "percent_covered_display": "0.00", "missing_lines": 17, "excluded_lines": 0}, "missing_lines": [47, 48, 50, 51, 54, 56, 57, 63, 65, 66, 72, 73, 74, 77, 79, 84, 86], "excluded_lines": []}, "AzureADLoginView.get_client_ip": {"executed_lines": [], "summary": {"covered_lines": 0, "num_statements": 5, "percent_covered": 0.0, "percent_covered_display": "0.00", "missing_lines": 5, "excluded_lines": 0}, "missing_lines": [91, 92, 93, 95, 96], "excluded_lines": []}, "TokenRefreshView.post": {"executed_lines": [], "summary": {"covered_lines": 0, "num_statements": 8, "percent_covered": 0.0, "percent_covered_display": "0.00", "missing_lines": 8, "excluded_lines": 0}, "missing_lines": [115, 116, 118, 119, 121, 122, 127, 128], "excluded_lines": []}, "LogoutView.post": {"executed_lines": [], "summary": {"covered_lines": 0, "num_statements": 2, "percent_covered": 0.0, "percent_covered_display": "0.00", "missing_lines": 2, "excluded_lines": 0}, "missing_lines": [151, 153], "excluded_lines": []}, "CurrentUserView.get": {"executed_lines": [], "summary": {"covered_lines": 0, "num_statements": 2, "percent_covered": 0.0, "percent_covered_display": "0.00", "missing_lines": 2, "excluded_lines": 0}, "missing_lines": [172, 173], "excluded_lines": []}, "CurrentUserView.put": {"executed_lines": [], "summary": {"covered_lines": 0, "num_statements": 5, "percent_covered": 0.0, "percent_covered_display": "0.00", "missing_lines": 5, "excluded_lines": 0}, "missing_lines": [179, 184, 185, 187, 189], "excluded_lines": []}, "UserViewSet.get_serializer_class": {"executed_lines": [], "summary": {"covered_lines": 0, "num_statements": 3, "percent_covered": 0.0, "percent_covered_display": "0.00", "missing_lines": 3, "excluded_lines": 0}, "missing_lines": [210, 211, 212], "excluded_lines": []}, "UserViewSet.get_queryset": {"executed_lines": [], "summary": {"covered_lines": 0, "num_statements": 11, "percent_covered": 0.0, "percent_covered_display": "0.00", "missing_lines": 11, "excluded_lines": 0}, "missing_lines": [218, 221, 222, 223, 226, 227, 228, 231, 232, 233, 240], "excluded_lines": []}, "UserViewSet.activate_user": {"executed_lines": [], "summary": {"covered_lines": 0, "num_statements": 5, "percent_covered": 0.0, "percent_covered_display": "0.00", "missing_lines": 5, "excluded_lines": 0}, "missing_lines": [249, 250, 251, 253, 255], "excluded_lines": []}, "UserViewSet.deactivate_user": {"executed_lines": [], "summary": {"covered_lines": 0, "num_statements": 7, "percent_covered": 0.0, "percent_covered_display": "0.00", "missing_lines": 7, "excluded_lines": 0}, "missing_lines": [267, 270, 271, 276, 277, 279, 281], "excluded_lines": []}, "UserViewSet.change_role": {"executed_lines": [], "summary": {"covered_lines": 0, "num_statements": 13, "percent_covered": 0.0, "percent_covered_display": "0.00", "missing_lines": 13, "excluded_lines": 0}, "missing_lines": [296, 297, 299, 300, 306, 307, 308, 314, 315, 320, 321, 323, 325], "excluded_lines": []}, "UserViewSet.statistics": {"executed_lines": [], "summary": {"covered_lines": 0, "num_statements": 3, "percent_covered": 0.0, "percent_covered_display": "0.00", "missing_lines": 3, "excluded_lines": 0}, "missing_lines": [337, 339, 348], "excluded_lines": []}, "": {"executed_lines": [1, 5, 6, 7, 8, 9, 10, 11, 13, 24, 25, 27, 28, 31, 32, 40, 41, 43, 88, 89, 99, 100, 108, 109, 111, 131, 132, 140, 141, 143, 159, 160, 165, 166, 168, 175, 195, 196, 205, 206, 208, 214, 242, 243, 260, 261, 286, 287, 330, 331], "summary": {"covered_lines": 44, "num_statements": 44, "percent_covered": 100.0, "percent_covered_display": "100.00", "missing_lines": 0, "excluded_lines": 0}, "missing_lines": [], "excluded_lines": []}}, "classes": {"AzureADLoginView": {"executed_lines": [], "summary": {"covered_lines": 0, "num_statements": 22, "percent_covered": 0.0, "percent_covered_display": "0.00", "missing_lines": 22, "excluded_lines": 0}, "missing_lines": [47, 48, 50, 51, 54, 56, 57, 63, 65, 66, 72, 73, 74, 77, 79, 84, 86, 91, 92, 93, 95, 96], "excluded_lines": []}, "TokenRefreshView": {"executed_lines": [], "summary": {"covered_lines": 0, "num_statements": 8, "percent_covered": 0.0, "percent_covered_display": "0.00", "missing_lines": 8, "excluded_lines": 0}, "missing_lines": [115, 116, 118, 119, 121, 122, 127, 128], "excluded_lines": []}, "LogoutView": {"executed_lines": [], "summary": {"covered_lines": 0, "num_statements": 2, "percent_covered": 0.0, "percent_covered_display": "0.00", "missing_lines": 2, "excluded_lines": 0}, "missing_lines": [151, 153], "excluded_lines": []}, "CurrentUserView": {"executed_lines": [], "summary": {"covered_lines": 0, "num_statements": 7, "percent_covered": 0.0, "percent_covered_display": "0.00", "missing_lines": 7, "excluded_lines": 0}, "missing_lines": [172, 173, 179, 184, 185, 187, 189], "excluded_lines": []}, "UserViewSet": {"executed_lines": [], "summary": {"covered_lines": 0, "num_statements": 42, "percent_covered": 0.0, "percent_covered_display": "0.00", "missing_lines": 42, "excluded_lines": 0}, "missing_lines": [210, 211, 212, 218, 221, 222, 223, 226, 227, 228, 231, 232, 233, 240, 249, 250, 251, 253, 255, 267, 270, 271, 276, 277, 279, 281, 296, 297, 299, 300, 306, 307, 308, 314, 315, 320, 321, 323, 325, 337, 339, 348], "excluded_lines": []}, "": {"executed_lines": [1, 5, 6, 7, 8, 9, 10, 11, 13, 24, 25, 27, 28, 31, 32, 40, 41, 43, 88, 89, 99, 100, 108, 109, 111, 131, 132, 140, 141, 143, 159, 160, 165, 166, 168, 175, 195, 196, 205, 206, 208, 214, 242, 243, 260, 261, 286, 287, 330, 331], "summary": {"covered_lines": 44, "num_statements": 44, "percent_covered": 100.0, "percent_covered_display": "100.00", "missing_lines": 0, "excluded_lines": 0}, "missing_lines": [], "excluded_lines": []}}}, "apps\\clients\\models.py": {"executed_lines": [1, 5, 6, 7, 10, 11, 14, 20, 32, 33, 34, 40, 41, 42, 45, 52, 58, 61, 62, 63, 66, 76, 77, 78, 86, 87, 88, 89, 96, 97, 99, 100, 102, 104, 105, 107, 109, 110, 112, 113, 115, 117, 118, 120, 121, 122, 124, 126, 127, 128, 131, 132, 135, 143, 144, 145, 146, 147, 148, 149, 150, 152, 153, 155, 156, 157, 159, 160, 162, 164, 165, 166, 169, 170, 173, 182, 183, 184, 185, 186, 187, 190, 198, 199, 201, 202, 203, 205, 206], "summary": {"covered_lines": 79, "num_statements": 79, "percent_covered": 100.0, "percent_covered_display": "100.00", "missing_lines": 0, "excluded_lines": 6}, "missing_lines": [], "excluded_lines": [96, 97, 159, 160, 205, 206], "functions": {"Client.__str__": {"executed_lines": [97], "summary": {"covered_lines": 0, "num_statements": 0, "percent_covered": 100.0, "percent_covered_display": "100.00", "missing_lines": 0, "excluded_lines": 1}, "missing_lines": [], "excluded_lines": [97]}, "Client.subscription_count": {"executed_lines": [102], "summary": {"covered_lines": 1, "num_statements": 1, "percent_covered": 100.0, "percent_covered_display": "100.00", "missing_lines": 0, "excluded_lines": 0}, "missing_lines": [], "excluded_lines": []}, "Client.total_reports": {"executed_lines": [107], "summary": {"covered_lines": 1, "num_statements": 1, "percent_covered": 100.0, "percent_covered_display": "100.00", "missing_lines": 0, "excluded_lines": 0}, "missing_lines": [], "excluded_lines": []}, "Client.latest_report_date": {"executed_lines": [112, 113], "summary": {"covered_lines": 2, "num_statements": 2, "percent_covered": 100.0, "percent_covered_display": "100.00", "missing_lines": 0, "excluded_lines": 0}, "missing_lines": [], "excluded_lines": []}, "Client.add_subscription": {"executed_lines": [117, 118, 120, 121, 122], "summary": {"covered_lines": 5, "num_statements": 5, "percent_covered": 100.0, "percent_covered_display": "100.00", "missing_lines": 0, "excluded_lines": 0}, "missing_lines": [], "excluded_lines": []}, "Client.remove_subscription": {"executed_lines": [126, 127, 128], "summary": {"covered_lines": 3, "num_statements": 3, "percent_covered": 100.0, "percent_covered_display": "100.00", "missing_lines": 0, "excluded_lines": 0}, "missing_lines": [], "excluded_lines": []}, "ClientContact.__str__": {"executed_lines": [160], "summary": {"covered_lines": 0, "num_statements": 0, "percent_covered": 100.0, "percent_covered_display": "100.00", "missing_lines": 0, "excluded_lines": 1}, "missing_lines": [], "excluded_lines": [160]}, "ClientContact.save": {"executed_lines": [164, 165, 166], "summary": {"covered_lines": 3, "num_statements": 3, "percent_covered": 100.0, "percent_covered_display": "100.00", "missing_lines": 0, "excluded_lines": 0}, "missing_lines": [], "excluded_lines": []}, "ClientNote.__str__": {"executed_lines": [206], "summary": {"covered_lines": 0, "num_statements": 0, "percent_covered": 100.0, "percent_covered_display": "100.00", "missing_lines": 0, "excluded_lines": 1}, "missing_lines": [], "excluded_lines": [206]}, "": {"executed_lines": [1, 5, 6, 7, 10, 11, 14, 20, 32, 33, 34, 40, 41, 42, 45, 52, 58, 61, 62, 63, 66, 76, 77, 78, 86, 87, 88, 89, 96, 99, 100, 104, 105, 109, 110, 115, 124, 131, 132, 135, 143, 144, 145, 146, 147, 148, 149, 150, 152, 153, 155, 156, 157, 159, 162, 169, 170, 173, 182, 183, 184, 185, 186, 187, 190, 198, 199, 201, 202, 203, 205], "summary": {"covered_lines": 64, "num_statements": 64, "percent_covered": 100.0, "percent_covered_display": "100.00", "missing_lines": 0, "excluded_lines": 3}, "missing_lines": [], "excluded_lines": [96, 159, 205]}}, "classes": {"Client": {"executed_lines": [97, 102, 107, 112, 113, 117, 118, 120, 121, 122, 126, 127, 128], "summary": {"covered_lines": 12, "num_statements": 12, "percent_covered": 100.0, "percent_covered_display": "100.00", "missing_lines": 0, "excluded_lines": 1}, "missing_lines": [], "excluded_lines": [97]}, "Client.Meta": {"executed_lines": [], "summary": {"covered_lines": 0, "num_statements": 0, "percent_covered": 100.0, "percent_covered_display": "100.00", "missing_lines": 0, "excluded_lines": 0}, "missing_lines": [], "excluded_lines": []}, "ClientContact": {"executed_lines": [160, 164, 165, 166], "summary": {"covered_lines": 3, "num_statements": 3, "percent_covered": 100.0, "percent_covered_display": "100.00", "missing_lines": 0, "excluded_lines": 1}, "missing_lines": [], "excluded_lines": [160]}, "ClientContact.Meta": {"executed_lines": [], "summary": {"covered_lines": 0, "num_statements": 0, "percent_covered": 100.0, "percent_covered_display": "100.00", "missing_lines": 0, "excluded_lines": 0}, "missing_lines": [], "excluded_lines": []}, "ClientNote": {"executed_lines": [206], "summary": {"covered_lines": 0, "num_statements": 0, "percent_covered": 100.0, "percent_covered_display": "100.00", "missing_lines": 0, "excluded_lines": 1}, "missing_lines": [], "excluded_lines": [206]}, "ClientNote.Meta": {"executed_lines": [], "summary": {"covered_lines": 0, "num_statements": 0, "percent_covered": 100.0, "percent_covered_display": "100.00", "missing_lines": 0, "excluded_lines": 0}, "missing_lines": [], "excluded_lines": []}, "": {"executed_lines": [1, 5, 6, 7, 10, 11, 14, 20, 32, 33, 34, 40, 41, 42, 45, 52, 58, 61, 62, 63, 66, 76, 77, 78, 86, 87, 88, 89, 96, 99, 100, 104, 105, 109, 110, 115, 124, 131, 132, 135, 143, 144, 145, 146, 147, 148, 149, 150, 152, 153, 155, 156, 157, 159, 162, 169, 170, 173, 182, 183, 184, 185, 186, 187, 190, 198, 199, 201, 202, 203, 205], "summary": {"covered_lines": 64, "num_statements": 64, "percent_covered": 100.0, "percent_covered_display": "100.00", "missing_lines": 0, "excluded_lines": 3}, "missing_lines": [], "excluded_lines": [96, 159, 205]}}}, "apps\\clients\\serializers.py": {"executed_lines": [1, 5, 6, 7, 9, 12, 13, 16, 18, 19, 20, 32, 35, 36, 39, 40, 42, 43, 44, 56, 59, 60, 63, 64, 65, 66, 67, 72, 73, 74, 91, 92, 95, 96, 97, 98, 99, 100, 104, 110, 111, 113, 114, 115, 142, 153, 154, 157, 158, 159, 174, 176, 181, 182, 185, 186, 190, 192, 194, 196, 198, 200, 204, 205, 207, 209, 210, 212, 213, 217, 220, 221, 224, 225, 226, 227, 228, 229, 230, 231, 232], "summary": {"covered_lines": 74, "num_statements": 78, "percent_covered": 94.87179487179488, "percent_covered_display": "94.87", "missing_lines": 4, "excluded_lines": 0}, "missing_lines": [177, 183, 195, 201], "excluded_lines": [], "functions": {"ClientCreateUpdateSerializer.validate_company_name": {"executed_lines": [176, 181, 182, 185, 186, 190], "summary": {"covered_lines": 6, "num_statements": 8, "percent_covered": 75.0, "percent_covered_display": "75.00", "missing_lines": 2, "excluded_lines": 0}, "missing_lines": [177, 183], "excluded_lines": []}, "ClientCreateUpdateSerializer.validate_contact_email": {"executed_lines": [194, 196], "summary": {"covered_lines": 2, "num_statements": 3, "percent_covered": 66.66666666666667, "percent_covered_display": "66.67", "missing_lines": 1, "excluded_lines": 0}, "missing_lines": [195], "excluded_lines": []}, "ClientCreateUpdateSerializer.validate_azure_subscription_ids": {"executed_lines": [200, 204, 205], "summary": {"covered_lines": 3, "num_statements": 4, "percent_covered": 75.0, "percent_covered_display": "75.00", "missing_lines": 1, "excluded_lines": 0}, "missing_lines": [201], "excluded_lines": []}, "ClientCreateUpdateSerializer.validate": {"executed_lines": [209, 210, 212, 213, 217], "summary": {"covered_lines": 5, "num_statements": 5, "percent_covered": 100.0, "percent_covered_display": "100.00", "missing_lines": 0, "excluded_lines": 0}, "missing_lines": [], "excluded_lines": []}, "": {"executed_lines": [1, 5, 6, 7, 9, 12, 13, 16, 18, 19, 20, 32, 35, 36, 39, 40, 42, 43, 44, 56, 59, 60, 63, 64, 65, 66, 67, 72, 73, 74, 91, 92, 95, 96, 97, 98, 99, 100, 104, 110, 111, 113, 114, 115, 142, 153, 154, 157, 158, 159, 174, 192, 198, 207, 220, 221, 224, 225, 226, 227, 228, 229, 230, 231, 232], "summary": {"covered_lines": 58, "num_statements": 58, "percent_covered": 100.0, "percent_covered_display": "100.00", "missing_lines": 0, "excluded_lines": 0}, "missing_lines": [], "excluded_lines": []}}, "classes": {"ClientContactSerializer": {"executed_lines": [], "summary": {"covered_lines": 0, "num_statements": 0, "percent_covered": 100.0, "percent_covered_display": "100.00", "missing_lines": 0, "excluded_lines": 0}, "missing_lines": [], "excluded_lines": []}, "ClientContactSerializer.Meta": {"executed_lines": [], "summary": {"covered_lines": 0, "num_statements": 0, "percent_covered": 100.0, "percent_covered_display": "100.00", "missing_lines": 0, "excluded_lines": 0}, "missing_lines": [], "excluded_lines": []}, "ClientNoteSerializer": {"executed_lines": [], "summary": {"covered_lines": 0, "num_statements": 0, "percent_covered": 100.0, "percent_covered_display": "100.00", "missing_lines": 0, "excluded_lines": 0}, "missing_lines": [], "excluded_lines": []}, "ClientNoteSerializer.Meta": {"executed_lines": [], "summary": {"covered_lines": 0, "num_statements": 0, "percent_covered": 100.0, "percent_covered_display": "100.00", "missing_lines": 0, "excluded_lines": 0}, "missing_lines": [], "excluded_lines": []}, "ClientListSerializer": {"executed_lines": [], "summary": {"covered_lines": 0, "num_statements": 0, "percent_covered": 100.0, "percent_covered_display": "100.00", "missing_lines": 0, "excluded_lines": 0}, "missing_lines": [], "excluded_lines": []}, "ClientListSerializer.Meta": {"executed_lines": [], "summary": {"covered_lines": 0, "num_statements": 0, "percent_covered": 100.0, "percent_covered_display": "100.00", "missing_lines": 0, "excluded_lines": 0}, "missing_lines": [], "excluded_lines": []}, "ClientDetailSerializer": {"executed_lines": [], "summary": {"covered_lines": 0, "num_statements": 0, "percent_covered": 100.0, "percent_covered_display": "100.00", "missing_lines": 0, "excluded_lines": 0}, "missing_lines": [], "excluded_lines": []}, "ClientDetailSerializer.Meta": {"executed_lines": [], "summary": {"covered_lines": 0, "num_statements": 0, "percent_covered": 100.0, "percent_covered_display": "100.00", "missing_lines": 0, "excluded_lines": 0}, "missing_lines": [], "excluded_lines": []}, "ClientCreateUpdateSerializer": {"executed_lines": [176, 181, 182, 185, 186, 190, 194, 196, 200, 204, 205, 209, 210, 212, 213, 217], "summary": {"covered_lines": 16, "num_statements": 20, "percent_covered": 80.0, "percent_covered_display": "80.00", "missing_lines": 4, "excluded_lines": 0}, "missing_lines": [177, 183, 195, 201], "excluded_lines": []}, "ClientCreateUpdateSerializer.Meta": {"executed_lines": [], "summary": {"covered_lines": 0, "num_statements": 0, "percent_covered": 100.0, "percent_covered_display": "100.00", "missing_lines": 0, "excluded_lines": 0}, "missing_lines": [], "excluded_lines": []}, "ClientStatisticsSerializer": {"executed_lines": [], "summary": {"covered_lines": 0, "num_statements": 0, "percent_covered": 100.0, "percent_covered_display": "100.00", "missing_lines": 0, "excluded_lines": 0}, "missing_lines": [], "excluded_lines": []}, "": {"executed_lines": [1, 5, 6, 7, 9, 12, 13, 16, 18, 19, 20, 32, 35, 36, 39, 40, 42, 43, 44, 56, 59, 60, 63, 64, 65, 66, 67, 72, 73, 74, 91, 92, 95, 96, 97, 98, 99, 100, 104, 110, 111, 113, 114, 115, 142, 153, 154, 157, 158, 159, 174, 192, 198, 207, 220, 221, 224, 225, 226, 227, 228, 229, 230, 231, 232], "summary": {"covered_lines": 58, "num_statements": 58, "percent_covered": 100.0, "percent_covered_display": "100.00", "missing_lines": 0, "excluded_lines": 0}, "missing_lines": [], "excluded_lines": []}}}, "apps\\clients\\services.py": {"executed_lines": [1, 5, 6, 7, 8, 9, 11, 12, 15, 16, 20, 21, 32, 33, 38, 42, 48, 49, 65, 66, 67, 68, 70, 72, 76, 82, 83, 94, 95, 96, 98, 102, 108, 109, 120, 121, 122, 124, 128, 134, 135, 151, 152, 154, 159, 165, 166, 182, 183, 185, 190, 196, 197, 204, 205, 207, 208, 209, 210, 213, 219, 225, 226, 229, 231, 243, 245, 251, 252, 263, 264, 267, 268, 276, 277, 278, 280, 283, 288, 295, 296, 300, 301, 313, 314, 319, 324, 331, 332, 336, 337, 359, 360, 369, 374], "summary": {"covered_lines": 91, "num_statements": 123, "percent_covered": 73.98373983739837, "percent_covered_display": "73.98", "missing_lines": 32, "excluded_lines": 0}, "missing_lines": [44, 45, 46, 78, 79, 80, 104, 105, 106, 130, 131, 132, 161, 162, 163, 192, 193, 194, 247, 248, 249, 281, 284, 290, 291, 292, 326, 327, 328, 376, 377, 378], "excluded_lines": [], "functions": {"ClientService.create_client": {"executed_lines": [32, 33, 38, 42], "summary": {"covered_lines": 4, "num_statements": 7, "percent_covered": 57.142857142857146, "percent_covered_display": "57.14", "missing_lines": 3, "excluded_lines": 0}, "missing_lines": [44, 45, 46], "excluded_lines": []}, "ClientService.update_client": {"executed_lines": [65, 66, 67, 68, 70, 72, 76], "summary": {"covered_lines": 7, "num_statements": 10, "percent_covered": 70.0, "percent_covered_display": "70.00", "missing_lines": 3, "excluded_lines": 0}, "missing_lines": [78, 79, 80], "excluded_lines": []}, "ClientService.deactivate_client": {"executed_lines": [94, 95, 96, 98, 102], "summary": {"covered_lines": 5, "num_statements": 8, "percent_covered": 62.5, "percent_covered_display": "62.50", "missing_lines": 3, "excluded_lines": 0}, "missing_lines": [104, 105, 106], "excluded_lines": []}, "ClientService.activate_client": {"executed_lines": [120, 121, 122, 124, 128], "summary": {"covered_lines": 5, "num_statements": 8, "percent_covered": 62.5, "percent_covered_display": "62.50", "missing_lines": 3, "excluded_lines": 0}, "missing_lines": [130, 131, 132], "excluded_lines": []}, "ClientService.add_subscription": {"executed_lines": [151, 152, 154, 159], "summary": {"covered_lines": 4, "num_statements": 7, "percent_covered": 57.142857142857146, "percent_covered_display": "57.14", "missing_lines": 3, "excluded_lines": 0}, "missing_lines": [161, 162, 163], "excluded_lines": []}, "ClientService.remove_subscription": {"executed_lines": [182, 183, 185, 190], "summary": {"covered_lines": 4, "num_statements": 7, "percent_covered": 57.142857142857146, "percent_covered_display": "57.14", "missing_lines": 3, "excluded_lines": 0}, "missing_lines": [192, 193, 194], "excluded_lines": []}, "ClientService.get_client_statistics": {"executed_lines": [204, 205, 207, 208, 209, 210, 213, 219, 225, 226, 229, 231, 243, 245], "summary": {"covered_lines": 14, "num_statements": 17, "percent_covered": 82.3529411764706, "percent_covered_display": "82.35", "missing_lines": 3, "excluded_lines": 0}, "missing_lines": [247, 248, 249], "excluded_lines": []}, "ClientService.search_clients": {"executed_lines": [263, 264, 267, 268, 276, 277, 278, 280, 283, 288], "summary": {"covered_lines": 10, "num_statements": 15, "percent_covered": 66.66666666666667, "percent_covered_display": "66.67", "missing_lines": 5, "excluded_lines": 0}, "missing_lines": [281, 284, 290, 291, 292], "excluded_lines": []}, "ClientContactService.create_contact": {"executed_lines": [313, 314, 319, 324], "summary": {"covered_lines": 4, "num_statements": 7, "percent_covered": 57.142857142857146, "percent_covered_display": "57.14", "missing_lines": 3, "excluded_lines": 0}, "missing_lines": [326, 327, 328], "excluded_lines": []}, "ClientNoteService.create_note": {"executed_lines": [359, 360, 369, 374], "summary": {"covered_lines": 4, "num_statements": 7, "percent_covered": 57.142857142857146, "percent_covered_display": "57.14", "missing_lines": 3, "excluded_lines": 0}, "missing_lines": [376, 377, 378], "excluded_lines": []}, "": {"executed_lines": [1, 5, 6, 7, 8, 9, 11, 12, 15, 16, 20, 21, 48, 49, 82, 83, 108, 109, 134, 135, 165, 166, 196, 197, 251, 252, 295, 296, 300, 301, 331, 332, 336, 337], "summary": {"covered_lines": 30, "num_statements": 30, "percent_covered": 100.0, "percent_covered_display": "100.00", "missing_lines": 0, "excluded_lines": 0}, "missing_lines": [], "excluded_lines": []}}, "classes": {"ClientService": {"executed_lines": [32, 33, 38, 42, 65, 66, 67, 68, 70, 72, 76, 94, 95, 96, 98, 102, 120, 121, 122, 124, 128, 151, 152, 154, 159, 182, 183, 185, 190, 204, 205, 207, 208, 209, 210, 213, 219, 225, 226, 229, 231, 243, 245, 263, 264, 267, 268, 276, 277, 278, 280, 283, 288], "summary": {"covered_lines": 53, "num_statements": 79, "percent_covered": 67.0886075949367, "percent_covered_display": "67.09", "missing_lines": 26, "excluded_lines": 0}, "missing_lines": [44, 45, 46, 78, 79, 80, 104, 105,
[...]
 295, 298, 299, 302, 303, 306, 307, 310, 311, 312, 318, 336, 343, 344], "summary": {"covered_lines": 19, "num_statements": 28, "percent_covered": 67.85714285714286, "percent_covered_display": "67.86", "missing_lines": 9, "excluded_lines": 0}, "missing_lines": [287, 313, 314, 315, 316, 338, 339, 340, 341], "excluded_lines": []}, "AzureAdvisorCSVProcessor.calculate_statistics": {"executed_lines": [356, 370, 371, 372, 373, 376, 377, 378, 379, 382, 383, 386, 389, 392, 397, 399, 409, 422, 425], "summary": {"covered_lines": 19, "num_statements": 20, "percent_covered": 95.0, "percent_covered_display": "95.00", "missing_lines": 1, "excluded_lines": 0}, "missing_lines": [357], "excluded_lines": []}, "AzureAdvisorCSVProcessor.process": {"executed_lines": [437, 438, 441, 444, 447, 450, 453, 456, 459, 461, 463, 465, 466, 467, 468, 469], "summary": {"covered_lines": 16, "num_statements": 16, "percent_covered": 100.0, "percent_covered_display": "100.00", "missing_lines": 0, "excluded_lines": 0}, "missing_lines": [], "excluded_lines": []}, "process_csv_file": {"executed_lines": [485, 486], "summary": {"covered_lines": 2, "num_statements": 2, "percent_covered": 100.0, "percent_covered_display": "100.00", "missing_lines": 0, "excluded_lines": 0}, "missing_lines": [], "excluded_lines": []}, "": {"executed_lines": [1, 7, 8, 9, 10, 11, 12, 13, 14, 16, 19, 20, 21, 24, 25, 30, 36, 55, 70, 79, 91, 122, 162, 205, 236, 254, 279, 346, 427, 472], "summary": {"covered_lines": 27, "num_statements": 27, "percent_covered": 100.0, "percent_covered_display": "100.00", "missing_lines": 0, "excluded_lines": 0}, "missing_lines": [], "excluded_lines": []}}, "classes": {"CSVProcessingError": {"executed_lines": [], "summary": {"covered_lines": 0, "num_statements": 0, "percent_covered": 100.0, "percent_covered_display": "100.00", "missing_lines": 0, "excluded_lines": 0}, "missing_lines": [], "excluded_lines": []}, "AzureAdvisorCSVProcessor": {"executed_lines": [86, 87, 88, 89, 101, 102, 104, 108, 109, 111, 112, 116, 117, 119, 120, 132, 134, 135, 136, 137, 144, 145, 146, 147, 150, 151, 152, 153, 172, 176, 179, 180, 182, 183, 184, 186, 187, 193, 194, 195, 199, 200, 202, 203, 207, 211, 214, 215, 218, 219, 220, 221, 223, 225, 226, 228, 229, 230, 232, 233, 234, 238, 242, 245, 246, 249, 250, 252, 265, 266, 268, 270, 274, 286, 289, 291, 292, 294, 295, 298, 299, 302, 303, 306, 307, 310, 311, 312, 318, 336, 343, 344, 356, 370, 371, 372, 373, 376, 377, 378, 379, 382, 383, 386, 389, 392, 397, 399, 409, 422, 425, 437, 438, 441, 444, 447, 450, 453, 456, 459, 461, 463, 465, 466, 467, 468, 469], "summary": {"covered_lines": 127, "num_statements": 153, "percent_covered": 83.00653594771242, "percent_covered_display": "83.01", "missing_lines": 26, "excluded_lines": 0}, "missing_lines": [105, 148, 149, 154, 155, 156, 158, 173, 208, 224, 239, 271, 272, 275, 276, 277, 287, 313, 314, 315, 316, 338, 339, 340, 341, 357], "excluded_lines": []}, "": {"executed_lines": [1, 7, 8, 9, 10, 11, 12, 13, 14, 16, 19, 20, 21, 24, 25, 30, 36, 55, 70, 79, 91, 122, 162, 205, 236, 254, 279, 346, 427, 472, 485, 486], "summary": {"covered_lines": 29, "num_statements": 29, "percent_covered": 100.0, "percent_covered_display": "100.00", "missing_lines": 0, "excluded_lines": 0}, "missing_lines": [], "excluded_lines": []}}}, "apps\\reports\\tasks.py": {"executed_lines": [1, 5, 6, 7, 8, 10, 11, 13, 16, 17, 141, 142, 166, 167, 270, 271], "summary": {"covered_lines": 15, "num_statements": 152, "percent_covered": 9.868421052631579, "percent_covered_display": "9.87", "missing_lines": 137, "excluded_lines": 0}, "missing_lines": [27, 29, 31, 34, 35, 36, 39, 40, 43, 46, 49, 51, 52, 53, 71, 74, 75, 76, 79, 80, 81, 82, 83, 87, 89, 96, 97, 98, 99, 101, 102, 103, 106, 107, 108, 109, 110, 111, 112, 113, 114, 117, 118, 120, 122, 123, 124, 127, 128, 129, 130, 131, 132, 133, 134, 135, 138, 148, 149, 152, 153, 158, 159, 160, 161, 163, 179, 181, 183, 186, 187, 188, 189, 191, 192, 193, 194, 197, 198, 199, 200, 203, 204, 207, 210, 212, 213, 216, 217, 218, 219, 220, 221, 222, 225, 226, 227, 228, 229, 230, 231, 234, 235, 237, 239, 246, 247, 248, 249, 251, 252, 253, 256, 257, 258, 259, 260, 261, 264, 265, 267, 281, 282, 284, 285, 287, 288, 291, 292, 293, 296, 298, 300, 301, 302, 303, 304], "excluded_lines": [], "functions": {"process_csv_file": {"executed_lines": [], "summary": {"covered_lines": 0, "num_statements": 57, "percent_covered": 0.0, "percent_covered_display": "0.00", "missing_lines": 57, "excluded_lines": 0}, "missing_lines": [27, 29, 31, 34, 35, 36, 39, 40, 43, 46, 49, 51, 52, 53, 71, 74, 75, 76, 79, 80, 81, 82, 83, 87, 89, 96, 97, 98, 99, 101, 102, 103, 106, 107, 108, 109, 110, 111, 112, 113, 114, 117, 118, 120, 122, 123, 124, 127, 128, 129, 130, 131, 132, 133, 134, 135, 138], "excluded_lines": []}, "cleanup_old_csv_files": {"executed_lines": [], "summary": {"covered_lines": 0, "num_statements": 9, "percent_covered": 0.0, "percent_covered_display": "0.00", "missing_lines": 9, "excluded_lines": 0}, "missing_lines": [148, 149, 152, 153, 158, 159, 160, 161, 163], "excluded_lines": []}, "generate_report": {"executed_lines": [], "summary": {"covered_lines": 0, "num_statements": 55, "percent_covered": 0.0, "percent_covered_display": "0.00", "missing_lines": 55, "excluded_lines": 0}, "missing_lines": [179, 181, 183, 186, 187, 188, 189, 191, 192, 193, 194, 197, 198, 199, 200, 203, 204, 207, 210, 212, 213, 216, 217, 218, 219, 220, 221, 222, 225, 226, 227, 228, 229, 230, 231, 234, 235, 237, 239, 246, 247, 248, 249, 251, 252, 253, 256, 257, 258, 259, 260, 261, 264, 265, 267], "excluded_lines": []}, "retry_failed_report": {"executed_lines": [], "summary": {"covered_lines": 0, "num_statements": 16, "percent_covered": 0.0, "percent_covered_display": "0.00", "missing_lines": 16, "excluded_lines": 0}, "missing_lines": [281, 282, 284, 285, 287, 288, 291, 292, 293, 296, 298, 300, 301, 302, 303, 304], "excluded_lines": []}, "": {"executed_lines": [1, 5, 6, 7, 8, 10, 11, 13, 16, 17, 141, 142, 166, 167, 270, 271], "summary": {"covered_lines": 15, "num_statements": 15, "percent_covered": 100.0, "percent_covered_display": "100.00", "missing_lines": 0, "excluded_lines": 0}, "missing_lines": [], "excluded_lines": []}}, "classes": {"": {"executed_lines": [1, 5, 6, 7, 8, 10, 11, 13, 16, 17, 141, 142, 166, 167, 270, 271], "summary": {"covered_lines": 15, "num_statements": 152, "percent_covered": 9.868421052631579, "percent_covered_display": "9.87", "missing_lines": 137, "excluded_lines": 0}, "missing_lines": [27, 29, 31, 34, 35, 36, 39, 40, 43, 46, 49, 51, 52, 53, 71, 74, 75, 76, 79, 80, 81, 82, 83, 87, 89, 96, 97, 98, 99, 101, 102, 103, 106, 107, 108, 109, 110, 111, 112, 113, 114, 117, 118, 120, 122, 123, 124, 127, 128, 129, 130, 131, 132, 133, 134, 135, 138, 148, 149, 152, 153, 158, 159, 160, 161, 163, 179, 181, 183, 186, 187, 188, 189, 191, 192, 193, 194, 197, 198, 199, 200, 203, 204, 207, 210, 212, 213, 216, 217, 218, 219, 220, 221, 222, 225, 226, 227, 228, 229, 230, 231, 234, 235, 237, 239, 246, 247, 248, 249, 251, 252, 253, 256, 257, 258, 259, 260, 261, 264, 265, 267, 281, 282, 284, 285, 287, 288, 291, 292, 293, 296, 298, 300, 301, 302, 303, 304], "excluded_lines": []}}}, "apps\\reports\\urls.py": {"executed_lines": [1, 4, 5, 6, 13, 16, 17, 18, 19, 20, 22], "summary": {"covered_lines": 10, "num_statements": 10, "percent_covered": 100.0, "percent_covered_display": "100.00", "missing_lines": 0, "excluded_lines": 0}, "missing_lines": [], "excluded_lines": [], "functions": {"": {"executed_lines": [1, 4, 5, 6, 13, 16, 17, 18, 19, 20, 22], "summary": {"covered_lines": 10, "num_statements": 10, "percent_covered": 100.0, "percent_covered_display": "100.00", "missing_lines": 0, "excluded_lines": 0}, "missing_lines": [], "excluded_lines": []}}, "classes": {"": {"executed_lines": [1, 4, 5, 6, 13, 16, 17, 18, 19, 20, 22], "summary": {"covered_lines": 10, "num_statements": 10, "percent_covered": 100.0, "percent_covered_display": "100.00", "missing_lines": 0, "excluded_lines": 0}, "missing_lines": [], "excluded_lines": []}}}, "apps\\reports\\validators.py": {"executed_lines": [1, 5, 6, 7, 8, 9, 12, 22, 23, 24, 25, 26, 31, 41, 42, 44, 45, 50, 62, 71, 73, 74, 76, 77, 79, 80, 81, 82, 83, 84, 86, 92, 93, 96, 99, 100, 101, 102, 103, 105, 106, 112, 113, 114, 116, 117, 122, 125, 126, 129, 130, 131, 132, 137, 140, 150, 151, 154, 155, 156, 157, 158, 159, 160, 161, 163, 167, 168, 169, 175, 176, 177, 179, 180, 181, 182, 183, 187, 190, 201, 202, 203, 204], "summary": {"covered_lines": 82, "num_statements": 86, "percent_covered": 95.34883720930233, "percent_covered_display": "95.35", "missing_lines": 4, "excluded_lines": 0}, "missing_lines": [87, 123, 164, 185], "excluded_lines": [], "functions": {"validate_file_size": {"executed_lines": [22, 23, 24, 25, 26], "summary": {"covered_lines": 5, "num_statements": 5, "percent_covered": 100.0, "percent_covered_display": "100.00", "missing_lines": 0, "excluded_lines": 0}, "missing_lines": [], "excluded_lines": []}, "validate_file_extension": {"executed_lines": [41, 42, 44, 45], "summary": {"covered_lines": 4, "num_statements": 4, "percent_covered": 100.0, "percent_covered_display": "100.00", "missing_lines": 0, "excluded_lines": 0}, "missing_lines": [], "excluded_lines": []}, "validate_csv_structure": {"executed_lines": [62, 71, 73, 74, 76, 77, 79, 80, 81, 82, 83, 84, 86, 92, 93, 96, 99, 100, 101, 102, 103, 105, 106, 112, 113, 114, 116, 117, 122, 125, 126, 129, 130, 131, 132, 137], "summary": {"covered_lines": 36, "num_statements": 38, "percent_covered": 94.73684210526316, "percent_covered_display": "94.74", "missing_lines": 2, "excluded_lines": 0}, "missing_lines": [87, 123], "excluded_lines": []}, "validate_csv_content": {"executed_lines": [150, 151, 154, 155, 156, 157, 158, 159, 160, 161, 163, 167, 168, 169, 175, 176, 177, 179, 180, 181, 182, 183, 187], "summary": {"covered_lines": 23, "num_statements": 25, "percent_covered": 92.0, "percent_covered_display": "92.00", "missing_lines": 2, "excluded_lines": 0}, "missing_lines": [164, 185], "excluded_lines": []}, "validate_csv_file": {"executed_lines": [201, 202, 203, 204], "summary": {"covered_lines": 4, "num_statements": 4, "percent_covered": 100.0, "percent_covered_display": "100.00", "missing_lines": 0, "excluded_lines": 0}, "missing_lines": [], "excluded_lines": []}, "": {"executed_lines": [1, 5, 6, 7, 8, 9, 12, 31, 50, 140, 190], "summary": {"covered_lines": 10, "num_statements": 10, "percent_covered": 100.0, "percent_covered_display": "100.00", "missing_lines": 0, "excluded_lines": 0}, "missing_lines": [], "excluded_lines": []}}, "classes": {"": {"executed_lines": [1, 5, 6, 7, 8, 9, 12, 22, 23, 24, 25, 26, 31, 41, 42, 44, 45, 50, 62, 71, 73, 74, 76, 77, 79, 80, 81, 82, 83, 84, 86, 92, 93, 96, 99, 100, 101, 102, 103, 105, 106, 112, 113, 114, 116, 117, 122, 125, 126, 129, 130, 131, 132, 137, 140, 150, 151, 154, 155, 156, 157, 158, 159, 160, 161, 163, 167, 168, 169, 175, 176, 177, 179, 180, 181, 182, 183, 187, 190, 201, 202, 203, 204], "summary": {"covered_lines": 82, "num_statements": 86, "percent_covered": 95.34883720930233, "percent_covered_display": "95.35", "missing_lines": 4, "excluded_lines": 0}, "missing_lines": [87, 123, 164, 185], "excluded_lines": []}}}, "apps\\reports\\views.py": {"executed_lines": [1, 5, 6, 7, 8, 9, 10, 11, 12, 13, 14, 16, 17, 26, 27, 28, 29, 30, 32, 35, 36, 40, 41, 42, 43, 44, 45, 46, 48, 56, 65, 66, 138, 139, 285, 286, 317, 318, 368, 369, 515, 516, 610, 611, 691, 692, 696, 697, 698, 699, 700, 701, 702, 703, 705, 717, 718, 722, 723, 724, 725, 726, 727, 728, 729, 731, 736, 737, 741, 742, 743, 744, 745, 746, 747, 749, 753], "summary": {"covered_lines": 72, "num_statements": 243, "percent_covered": 29.62962962962963, "percent_covered_display": "29.63", "missing_lines": 171, "excluded_lines": 0}, "missing_lines": [50, 51, 52, 53, 54, 58, 63, 90, 92, 93, 102, 104, 106, 113, 115, 127, 128, 129, 158, 161, 162, 170, 171, 179, 181, 182, 183, 186, 188, 191, 194, 196, 199, 207, 210, 211, 212, 213, 214, 221, 226, 239, 240, 242, 243, 244, 245, 246, 253, 262, 263, 265, 266, 267, 268, 269, 276, 298, 300, 301, 309, 336, 338, 341, 342, 343, 345, 346, 347, 349, 350, 351, 352, 353, 354, 357, 359, 404, 407, 408, 416, 417, 426, 427, 429, 430, 438, 440, 441, 444, 446, 462, 465, 467, 470, 471, 472, 473, 476, 477, 478, 479, 482, 484, 486, 504, 505, 506, 534, 537, 539, 551, 552, 553, 554, 561, 562, 563, 564, 565, 566, 567, 568, 569, 570, 571, 572, 574, 575, 576, 579, 580, 583, 584, 589, 590, 591, 592, 593, 594, 597, 598, 599, 600, 602, 621, 624, 625, 634, 637, 638, 647, 648, 656, 658, 663, 666, 668, 675, 677, 679, 680, 681, 707, 710, 711, 712, 714, 733, 751, 755], "excluded_lines": [], "functions": {"ReportViewSet.get_serializer_class": {"executed_lines": [], "summary": {"covered_lines": 0, "num_statements": 5, "percent_covered": 0.0, "percent_covered_display": "0.00", "missing_lines": 5, "excluded_lines": 0}, "missing_lines": [50, 51, 52, 53, 54], "excluded_lines": []}, "ReportViewSet.get_queryset": {"executed_lines": [], "summary": {"covered_lines": 0, "num_statements": 2, "percent_covered": 0.0, "percent_covered_display": "0.00", "missing_lines": 2, "excluded_lines": 0}, "missing_lines": [58, 63], "excluded_lines": []}, "ReportViewSet.upload_csv": {"executed_lines": [], "summary": {"covered_lines": 0, "num_statements": 11, "percent_covered": 0.0, "percent_covered_display": "0.00", "missing_lines": 11, "excluded_lines": 0}, "missing_lines": [90, 92, 93, 102, 104, 106, 113, 115, 127, 128, 129], "excluded_lines": []}, "ReportViewSet.process_csv": {"executed_lines": [], "summary": {"covered_lines": 0, "num_statements": 39, "percent_covered": 0.0, "percent_covered_display": "0.00", "missing_lines": 39, "excluded_lines": 0}, "missing_lines": [158, 161, 162, 170, 171, 179, 181, 182, 183, 186, 188, 191, 194, 196, 199, 207, 210, 211, 212, 213, 214, 221, 226, 239, 240, 242, 243, 244, 245, 246, 253, 262, 263, 265, 266, 267, 268, 269, 276], "excluded_lines": []}, "ReportViewSet.statistics": {"executed_lines": [], "summary": {"covered_lines": 0, "num_statements": 4, "percent_covered": 0.0, "percent_covered_display": "0.00", "missing_lines": 4, "excluded_lines": 0}, "missing_lines": [298, 300, 301, 309], "excluded_lines": []}, "ReportViewSet.get_recommendations": {"executed_lines": [], "summary": {"covered_lines": 0, "num_statements": 16, "percent_covered": 0.0, "percent_covered_display": "0.00", "missing_lines": 16, "excluded_lines": 0}, "missing_lines": [336, 338, 341, 342, 343, 345, 346, 347, 349, 350, 351, 352, 353, 354, 357, 359], "excluded_lines": []}, "ReportViewSet.generate_report": {"executed_lines": [], "summary": {"covered_lines": 0, "num_statements": 31, "percent_covered": 0.0, "percent_covered_display": "0.00", "missing_lines": 31, "excluded_lines": 0}, "missing_lines": [404, 407, 408, 416, 417, 426, 427, 429, 430, 438, 440, 441, 444, 446, 462, 465, 467, 470, 471, 472, 473, 476, 477, 478, 479, 482, 484, 486, 504, 505, 506], "excluded_lines": []}, "ReportViewSet.task_status": {"executed_lines": [], "summary": {"covered_lines": 0, "num_statements": 37, "percent_covered": 0.0, "percent_covered_display": "0.00", "missing_lines": 37, "excluded_lines": 0}, "missing_lines": [534, 537, 539, 551, 552, 553, 554, 561, 562, 563, 564, 565, 566, 567, 568, 569, 570, 571, 572, 574, 575, 576, 579, 580, 583, 584, 589, 590, 591, 592, 593, 594, 597, 598, 599, 600, 602], "excluded_lines": []}, "ReportViewSet.download_report": {"executed_lines": [], "summary": {"covered_lines": 0, "num_statements": 18, "percent_covered": 0.0, "percent_covered_display": "0.00", "missing_lines": 18, "excluded_lines": 0}, "missing_lines": [621, 624, 625, 634, 637, 638, 647, 648, 656, 658, 663, 666, 668, 675, 677, 679, 680, 681], "excluded_lines": []}, "RecommendationViewSet.get_queryset": {"executed_lines": [], "summary": {"covered_lines": 0, "num_statements": 5, "percent_covered": 0.0, "percent_covered_display": "0.00", "missing_lines": 5, "excluded_lines": 0}, "missing_lines": [707, 710, 711, 712, 714], "excluded_lines": []}, "ReportTemplateViewSet.perform_create": {"executed_lines": [], "summary": {"covered_lines": 0, "num_statements": 1, "percent_covered": 0.0, "percent_covered_display": "0.00", "missing_lines": 1, "excluded_lines": 0}, "missing_lines": [733], "excluded_lines": []}, "ReportShareViewSet.perform_create": {"executed_lines": [], "summary": {"covered_lines": 0, "num_statements": 1, "percent_covered": 0.0, "percent_covered_display": "0.00", "missing_lines": 1, "excluded_lines": 0}, "missing_lines": [751], "excluded_lines": []}, "ReportShareViewSet.get_queryset": {"executed_lines": [], "summary": {"covered_lines": 0, "num_statements": 1, "percent_covered": 0.0, "percent_covered_display": "0.00", "missing_lines": 1, "excluded_lines": 0}, "missing_lines": [755], "excluded_lines": []}, "": {"executed_lines": [1, 5, 6, 7, 8, 9, 10, 11, 12, 13, 14, 16, 17, 26, 27, 28, 29, 30, 32, 35, 36, 40, 41, 42, 43, 44, 45, 46, 48, 56, 65, 66, 138, 139, 285, 286, 317, 318, 368, 369, 515, 516, 610, 611, 691, 692, 696, 697, 698, 699, 700, 701, 702, 703, 705, 717, 718, 722, 723, 724, 725, 726, 727, 728, 729, 731, 736, 737, 741, 742, 743, 744, 745, 746, 747, 749, 753], "summary": {"covered_lines": 72, "num_statements": 72, "percent_covered": 100.0, "percent_covered_display": "100.00", "missing_lines": 0, "excluded_lines": 0}, "missing_lines": [], "excluded_lines": []}}, "classes": {"ReportViewSet": {"executed_lines": [], "summary": {"covered_lines": 0, "num_statements": 163, "percent_covered": 0.0, "percent_covered_display": "0.00", "missing_lines": 163, "excluded_lines": 0}, "missing_lines": [50, 51, 52, 53, 54, 58, 63, 90, 92, 93, 102, 104, 106, 113, 115, 127, 128, 129, 158, 161, 162, 170, 171, 179, 181, 182, 183, 186, 188, 191, 194, 196, 199, 207, 210, 211, 212, 213, 214, 221, 226, 239, 240, 242, 243, 244, 245, 246, 253, 262, 263, 265, 266, 267, 268, 269, 276, 298, 300, 301, 309, 336, 338, 341, 342, 343, 345, 346, 347, 349, 350, 351, 352, 353, 354, 357, 359, 404, 407, 408, 416, 417, 426, 427, 429, 430, 438, 440, 441, 444, 446, 462, 465, 467, 470, 471, 472, 473, 476, 477, 478, 479, 482, 484, 486, 504, 505, 506, 534, 537, 539, 551, 552, 553, 554, 561, 562, 563, 564, 565, 566, 567, 568, 569, 570, 571, 572, 574, 575, 576, 579, 580, 583, 584, 589, 590, 591, 592, 593, 594, 597, 598, 599, 600, 602, 621, 624, 625, 634, 637, 638, 647, 648, 656, 658, 663, 666, 668, 675, 677, 679, 680, 681], "excluded_lines": []}, "RecommendationViewSet": {"executed_lines": [], "summary": {"covered_lines": 0, "num_statements": 5, "percent_covered": 0.0, "percent_covered_display": "0.00", "missing_lines": 5, "excluded_lines": 0}, "missing_lines": [707, 710, 711, 712, 714], "excluded_lines": []}, "ReportTemplateViewSet": {"executed_lines": [], "summary": {"covered_lines": 0, "num_statements": 1, "percent_covered": 0.0, "percent_covered_display": "0.00", "missing_lines": 1, "excluded_lines": 0}, "missing_lines": [733], "excluded_lines": []}, "ReportShareViewSet": {"executed_lines": [], "summary": {"covered_lines": 0, "num_statements": 2, "percent_covered": 0.0, "percent_covered_display": "0.00", "missing_lines": 2, "excluded_lines": 0}, "missing_lines": [751, 755], "excluded_lines": []}, "": {"executed_lines": [1, 5, 6, 7, 8, 9, 10, 11, 12, 13, 14, 16, 17, 26, 27, 28, 29, 30, 32, 35, 36, 40, 41, 42, 43, 44, 45, 46, 48, 56, 65, 66, 138, 139, 285, 286, 317, 318, 368, 369, 515, 516, 610, 611, 691, 692, 696, 697, 698, 699, 700, 701, 702, 703, 705, 717, 718, 722, 723, 724, 725, 726, 727, 728, 729, 731, 736, 737, 741, 742, 743, 744, 745, 746, 747, 749, 753], "summary": {"covered_lines": 72, "num_statements": 72, "percent_covered": 100.0, "percent_covered_display": "100.00", "missing_lines": 0, "excluded_lines": 0}, "missing_lines": [], "excluded_lines": []}}}}, "totals": {"covered_lines": 1766, "num_statements": 2796, "percent_covered": 63.16165951359084, "percent_covered_display": "63.16", "missing_lines": 1030, "excluded_lines": 49}}